2026-01-13 04:08:59,129	INFO log_monitor.py:157 -- Starting log monitor with [max open files=200], [is_autoscaler_v2=False]
2026-01-13 04:08:59,130	INFO log_monitor.py:279 -- Beginning to track file raylet.err
2026-01-13 04:08:59,130	INFO log_monitor.py:279 -- Beginning to track file monitor.log
2026-01-13 04:08:59,130	INFO log_monitor.py:279 -- Beginning to track file gcs_server.err
2026-01-13 04:08:59,235	INFO log_monitor.py:279 -- Beginning to track file worker-23d6f6a116a8bf9aead19843c975cef5c04952586cf91106a84ca2b9-ffffffff-1426.err
2026-01-13 04:08:59,235	INFO log_monitor.py:279 -- Beginning to track file worker-a017ab17ebeb6b5589a967c8f562308ac78bcb09cc98ad7f708b1219-ffffffff-1436.err
2026-01-13 04:08:59,235	INFO log_monitor.py:279 -- Beginning to track file worker-28936a7b1ec7c4f1d2e96cef0e176ff3800f63e312aac7f2b9718b75-ffffffff-1444.out
2026-01-13 04:08:59,235	INFO log_monitor.py:279 -- Beginning to track file worker-2759a18a70d431d9281014110f3f64875b5fd858af2d635b1abcca78-ffffffff-1450.err
2026-01-13 04:08:59,235	INFO log_monitor.py:279 -- Beginning to track file worker-3e3f8ce50940c08be22efacf557283f3ecba4779e506b14a24d8aba9-ffffffff-1440.err
2026-01-13 04:08:59,235	INFO log_monitor.py:279 -- Beginning to track file worker-28936a7b1ec7c4f1d2e96cef0e176ff3800f63e312aac7f2b9718b75-ffffffff-1444.err
2026-01-13 04:08:59,235	INFO log_monitor.py:279 -- Beginning to track file worker-95c4b3e32c4266b2dd716088af26cabcd4815dc09021b7518c796257-ffffffff-1446.out
2026-01-13 04:08:59,235	INFO log_monitor.py:279 -- Beginning to track file worker-e3624341c29f31e4ec614ebaa1867cf76d7be54c6b179b2b0c11e7e4-ffffffff-1449.out
2026-01-13 04:08:59,235	INFO log_monitor.py:279 -- Beginning to track file worker-56d932d3d47f3714df1dea7b0de86e9f0cbf1cbd8194002ad8c7124a-ffffffff-1435.err
2026-01-13 04:08:59,235	INFO log_monitor.py:279 -- Beginning to track file worker-fb617ec0381cdb48b4e7c3887eb983b46bc17d63f78b0f430bd92d71-ffffffff-1424.out
2026-01-13 04:08:59,235	INFO log_monitor.py:279 -- Beginning to track file worker-56d932d3d47f3714df1dea7b0de86e9f0cbf1cbd8194002ad8c7124a-ffffffff-1435.out
2026-01-13 04:08:59,235	INFO log_monitor.py:279 -- Beginning to track file worker-e1839ffd0f0684275758e09ddfedf69f4a87af3cd9e2a4a500cc92dd-ffffffff-1438.err
2026-01-13 04:08:59,235	INFO log_monitor.py:279 -- Beginning to track file worker-fb617ec0381cdb48b4e7c3887eb983b46bc17d63f78b0f430bd92d71-ffffffff-1424.err
2026-01-13 04:08:59,235	INFO log_monitor.py:279 -- Beginning to track file worker-1c2072b6ae41ebda2d01a407dc6da82385bf7c18aabf571eabec41df-ffffffff-1427.out
2026-01-13 04:08:59,235	INFO log_monitor.py:279 -- Beginning to track file worker-23d6f6a116a8bf9aead19843c975cef5c04952586cf91106a84ca2b9-ffffffff-1426.out
2026-01-13 04:08:59,235	INFO log_monitor.py:279 -- Beginning to track file worker-1c2072b6ae41ebda2d01a407dc6da82385bf7c18aabf571eabec41df-ffffffff-1427.err
2026-01-13 04:08:59,235	INFO log_monitor.py:279 -- Beginning to track file worker-e3624341c29f31e4ec614ebaa1867cf76d7be54c6b179b2b0c11e7e4-ffffffff-1449.err
2026-01-13 04:08:59,235	INFO log_monitor.py:279 -- Beginning to track file worker-2759a18a70d431d9281014110f3f64875b5fd858af2d635b1abcca78-ffffffff-1450.out
2026-01-13 04:08:59,235	INFO log_monitor.py:279 -- Beginning to track file worker-95c4b3e32c4266b2dd716088af26cabcd4815dc09021b7518c796257-ffffffff-1446.err
2026-01-13 04:08:59,235	INFO log_monitor.py:279 -- Beginning to track file worker-97165763a4af54ee31649717a955804d8c3bc2288d5166dfa15cde02-ffffffff-1445.err
2026-01-13 04:08:59,235	INFO log_monitor.py:279 -- Beginning to track file worker-97165763a4af54ee31649717a955804d8c3bc2288d5166dfa15cde02-ffffffff-1445.out
2026-01-13 04:08:59,235	INFO log_monitor.py:279 -- Beginning to track file worker-6e8b26cd91a3f3219fa63468f06ddb38bfcef5f00deb9df89468ee2c-ffffffff-1437.err
2026-01-13 04:08:59,235	INFO log_monitor.py:279 -- Beginning to track file worker-43d2c7d2cff4003619f9c2683a3f299e0274d9a4c2b16afd7c583277-ffffffff-1423.err
2026-01-13 04:08:59,235	INFO log_monitor.py:279 -- Beginning to track file worker-e1839ffd0f0684275758e09ddfedf69f4a87af3cd9e2a4a500cc92dd-ffffffff-1438.out
2026-01-13 04:08:59,235	INFO log_monitor.py:279 -- Beginning to track file worker-a017ab17ebeb6b5589a967c8f562308ac78bcb09cc98ad7f708b1219-ffffffff-1436.out
2026-01-13 04:08:59,235	INFO log_monitor.py:279 -- Beginning to track file worker-3e3f8ce50940c08be22efacf557283f3ecba4779e506b14a24d8aba9-ffffffff-1440.out
2026-01-13 04:08:59,235	INFO log_monitor.py:279 -- Beginning to track file worker-43d2c7d2cff4003619f9c2683a3f299e0274d9a4c2b16afd7c583277-ffffffff-1423.out
2026-01-13 04:08:59,235	INFO log_monitor.py:279 -- Beginning to track file worker-6e8b26cd91a3f3219fa63468f06ddb38bfcef5f00deb9df89468ee2c-ffffffff-1437.out
2026-01-13 04:08:59,336	INFO log_monitor.py:279 -- Beginning to track file worker-000f0f2e5bf5f4b3ed4b9a420613f456b80ec3e5947ac7fdd3a558f1-ffffffff-1432.out
2026-01-13 04:08:59,336	INFO log_monitor.py:279 -- Beginning to track file worker-ea32b28b26aba712ac8211c7e0212795e8a64fa27dbe82f834316ebc-ffffffff-1451.err
2026-01-13 04:08:59,336	INFO log_monitor.py:279 -- Beginning to track file worker-172a041f9f96afda815dcf3ea0e3d7330d4776403576c7ea978959b9-ffffffff-1434.err
2026-01-13 04:08:59,336	INFO log_monitor.py:279 -- Beginning to track file worker-c4a1cddad23c60162b435f66a26d80e43558473dcb18f23a899b7250-ffffffff-1442.err
2026-01-13 04:08:59,336	INFO log_monitor.py:279 -- Beginning to track file worker-79b5b633e989c02793d7d6e0d2316563383d5d79df63da03c551f0c0-ffffffff-1443.out
2026-01-13 04:08:59,336	INFO log_monitor.py:279 -- Beginning to track file worker-3f1e8f068638bdf408285a30e3144855f92e7e2adec2ef43ba4737bf-ffffffff-1452.err
2026-01-13 04:08:59,336	INFO log_monitor.py:279 -- Beginning to track file worker-8fa19a7f9f9a1cc649b7ccdb675ccf2c846425db9ebada2433e4da9d-ffffffff-1454.out
2026-01-13 04:08:59,336	INFO log_monitor.py:279 -- Beginning to track file worker-e6e2d66ecb7709f5e2dc0e72b7d7df2e1b1e0a3a27373c68ea3801bd-ffffffff-1453.err
2026-01-13 04:08:59,336	INFO log_monitor.py:279 -- Beginning to track file worker-e6e2d66ecb7709f5e2dc0e72b7d7df2e1b1e0a3a27373c68ea3801bd-ffffffff-1453.out
2026-01-13 04:08:59,336	INFO log_monitor.py:279 -- Beginning to track file worker-90da2d9c670e7dd22765e6068e2066bd16f2f72f65e2c1473b751eb1-ffffffff-1447.out
2026-01-13 04:08:59,336	INFO log_monitor.py:279 -- Beginning to track file worker-000f0f2e5bf5f4b3ed4b9a420613f456b80ec3e5947ac7fdd3a558f1-ffffffff-1432.err
2026-01-13 04:08:59,336	INFO log_monitor.py:279 -- Beginning to track file worker-3f1e8f068638bdf408285a30e3144855f92e7e2adec2ef43ba4737bf-ffffffff-1452.out
2026-01-13 04:08:59,336	INFO log_monitor.py:279 -- Beginning to track file worker-ea32b28b26aba712ac8211c7e0212795e8a64fa27dbe82f834316ebc-ffffffff-1451.out
2026-01-13 04:08:59,336	INFO log_monitor.py:279 -- Beginning to track file worker-172a041f9f96afda815dcf3ea0e3d7330d4776403576c7ea978959b9-ffffffff-1434.out
2026-01-13 04:08:59,336	INFO log_monitor.py:279 -- Beginning to track file worker-21a5df1dee2296f93197c0029d3f60ccab935fcd04d94771c49de31a-ffffffff-1431.err
2026-01-13 04:08:59,336	INFO log_monitor.py:279 -- Beginning to track file worker-c4a1cddad23c60162b435f66a26d80e43558473dcb18f23a899b7250-ffffffff-1442.out
2026-01-13 04:08:59,336	INFO log_monitor.py:279 -- Beginning to track file worker-90da2d9c670e7dd22765e6068e2066bd16f2f72f65e2c1473b751eb1-ffffffff-1447.err
2026-01-13 04:08:59,336	INFO log_monitor.py:279 -- Beginning to track file worker-1c22ad937412c0a1007639ebb1209b73cbe0f4cef0763730c67c91e0-ffffffff-1439.err
2026-01-13 04:08:59,336	INFO log_monitor.py:279 -- Beginning to track file worker-21a5df1dee2296f93197c0029d3f60ccab935fcd04d94771c49de31a-ffffffff-1431.out
2026-01-13 04:08:59,336	INFO log_monitor.py:279 -- Beginning to track file worker-48beeafedce906912b4c4e622d10d6d2e12882f1dd7ec4b81222053c-ffffffff-1429.out
2026-01-13 04:08:59,336	INFO log_monitor.py:279 -- Beginning to track file worker-79b5b633e989c02793d7d6e0d2316563383d5d79df63da03c551f0c0-ffffffff-1443.err
2026-01-13 04:08:59,336	INFO log_monitor.py:279 -- Beginning to track file worker-1c22ad937412c0a1007639ebb1209b73cbe0f4cef0763730c67c91e0-ffffffff-1439.out
2026-01-13 04:08:59,336	INFO log_monitor.py:279 -- Beginning to track file worker-48beeafedce906912b4c4e622d10d6d2e12882f1dd7ec4b81222053c-ffffffff-1429.err
2026-01-13 04:08:59,336	INFO log_monitor.py:279 -- Beginning to track file worker-8fa19a7f9f9a1cc649b7ccdb675ccf2c846425db9ebada2433e4da9d-ffffffff-1454.err
2026-01-13 04:08:59,437	INFO log_monitor.py:279 -- Beginning to track file worker-ebaac1635e0da66b952d9589c72890de5eb993d71eb7e5de311dd7ea-ffffffff-1430.err
2026-01-13 04:08:59,437	INFO log_monitor.py:279 -- Beginning to track file worker-d6533eeccb02881d814d12fb963225ad51acb85f5f36f6503ec18a48-ffffffff-1433.err
2026-01-13 04:08:59,437	INFO log_monitor.py:279 -- Beginning to track file worker-ebaac1635e0da66b952d9589c72890de5eb993d71eb7e5de311dd7ea-ffffffff-1430.out
2026-01-13 04:08:59,437	INFO log_monitor.py:279 -- Beginning to track file worker-d6533eeccb02881d814d12fb963225ad51acb85f5f36f6503ec18a48-ffffffff-1433.out
2026-01-13 04:08:59,437	INFO log_monitor.py:279 -- Beginning to track file worker-2b1a24972a62373a116facd05a92a3735a3a8b25385494ee4d79cc7d-ffffffff-1448.out
2026-01-13 04:08:59,437	INFO log_monitor.py:279 -- Beginning to track file worker-2b1a24972a62373a116facd05a92a3735a3a8b25385494ee4d79cc7d-ffffffff-1448.err
2026-01-13 04:08:59,537	INFO log_monitor.py:279 -- Beginning to track file worker-f26f351e1b80e0cc776bdce17d7fe78bdcbb9424c20d3e1564dd3744-ffffffff-1441.err
2026-01-13 04:08:59,538	INFO log_monitor.py:279 -- Beginning to track file worker-0f08d6e96bf324b1c0ae89e7ca1620cc94f28c4ccd54302b0876cb05-ffffffff-1428.err
2026-01-13 04:08:59,538	INFO log_monitor.py:279 -- Beginning to track file worker-f26f351e1b80e0cc776bdce17d7fe78bdcbb9424c20d3e1564dd3744-ffffffff-1441.out
2026-01-13 04:08:59,538	INFO log_monitor.py:279 -- Beginning to track file worker-0f08d6e96bf324b1c0ae89e7ca1620cc94f28c4ccd54302b0876cb05-ffffffff-1428.out
2026-01-13 04:08:59,638	INFO log_monitor.py:279 -- Beginning to track file worker-f4d6879850df923025e7068474c33fc0fb2febae97ce7f8a85b55707-ffffffff-1425.out
2026-01-13 04:08:59,638	INFO log_monitor.py:279 -- Beginning to track file worker-f4d6879850df923025e7068474c33fc0fb2febae97ce7f8a85b55707-ffffffff-1425.err
2026-01-13 04:09:01,253	INFO log_monitor.py:279 -- Beginning to track file worker-33b73cb85dca6ce11df49e1874b8df2f87d8ac2c1330283088aa5113-ffffffff-3401.out
2026-01-13 04:09:01,253	INFO log_monitor.py:279 -- Beginning to track file worker-68a094302707047ba032dad0b6d468df44076b112acba12476e3faa4-ffffffff-3405.err
2026-01-13 04:09:01,254	INFO log_monitor.py:279 -- Beginning to track file worker-68a094302707047ba032dad0b6d468df44076b112acba12476e3faa4-ffffffff-3405.out
2026-01-13 04:09:01,254	INFO log_monitor.py:279 -- Beginning to track file worker-33b73cb85dca6ce11df49e1874b8df2f87d8ac2c1330283088aa5113-ffffffff-3401.err
2026-01-13 04:09:01,355	INFO log_monitor.py:279 -- Beginning to track file worker-02d613c490551ff98c5be460f2403187674d9f22105fc480b589601e-ffffffff-3403.out
2026-01-13 04:09:01,355	INFO log_monitor.py:279 -- Beginning to track file worker-e4be876b23bfedda93a775c380a5d43a52519f0d281ec4ae6ca6b106-ffffffff-3399.err
2026-01-13 04:09:01,355	INFO log_monitor.py:279 -- Beginning to track file worker-e4be876b23bfedda93a775c380a5d43a52519f0d281ec4ae6ca6b106-ffffffff-3399.out
2026-01-13 04:09:01,355	INFO log_monitor.py:279 -- Beginning to track file worker-02d613c490551ff98c5be460f2403187674d9f22105fc480b589601e-ffffffff-3403.err
