[2026-01-13 04:09:01,253 I 3403 3403] core_worker_process.cc:192: Constructing CoreWorkerProcess. pid: 3403
[2026-01-13 04:09:01,254 I 3403 3403] io_service_pool.cc:36: IOServicePool is running with 1 io_service.
[2026-01-13 04:09:01,255 I 3403 3403] grpc_server.cc:141: worker server started, listening on port 35683.
[2026-01-13 04:09:01,255 I 3403 3403] core_worker.cc:542: Initializing worker at address: 10.105.17.31:35683 worker_id=02d613c490551ff98c5be460f2403187674d9f22105fc480b589601e node_id=a1a81868503cfc2236cd7020faf94b967e790b1bbc73bd55427c7348
[2026-01-13 04:09:01,255 I 3403 3403] task_event_buffer.cc:287: Reporting task events to GCS every 1000ms.
[2026-01-13 04:09:01,255 I 3403 3403] core_worker.cc:967: Adjusted worker niceness to 15
[2026-01-13 04:09:01,255 I 3403 3403] event.cc:500: Ray Event initialized for CORE_WORKER
[2026-01-13 04:09:01,255 I 3403 3593] core_worker.cc:902: Event stats:


Global stats: 15 total (9 active)
Queueing time: mean = 4.210 us, max = 33.455 us, min = 5.624 us, total = 63.157 us
Execution time:  mean = 29.513 us, total = 442.696 us
Event stats:
	PeriodicalRunner.RunFnPeriodically - 7 total (5 active, 1 running), Execution time: mean = 2.123 us, total = 14.862 us, Queueing time: mean = 7.295 us, max = 33.455 us, min = 17.610 us, total = 51.065 us
	ray::rpc::WorkerInfoGcsService.grpc_client.AddWorkerInfo - 1 total (0 active), Execution time: mean = 158.385 us, total = 158.385 us, Queueing time: mean = 0.000 s, max = -0.000 s, min = 9223372036.855 s, total = 0.000 s
	Publisher.CheckDeadSubscribers - 1 total (1 active), Execution time: mean = 0.000 s, total = 0.000 s, Queueing time: mean = 0.000 s, max = -0.000 s, min = 9223372036.855 s, total = 0.000 s
	ray::rpc::InternalPubSubGcsService.grpc_client.GcsSubscriberPoll - 1 total (1 active), Execution time: mean = 0.000 s, total = 0.000 s, Queueing time: mean = 0.000 s, max = -0.000 s, min = 9223372036.855 s, total = 0.000 s
	ray::rpc::InternalPubSubGcsService.grpc_client.GcsSubscriberCommandBatch.OnReplyReceived - 1 total (0 active), Execution time: mean = 76.052 us, total = 76.052 us, Queueing time: mean = 6.468 us, max = 6.468 us, min = 6.468 us, total = 6.468 us
	CoreWorker.ExitIfParentRayletDies - 1 total (1 active), Execution time: mean = 0.000 s, total = 0.000 s, Queueing time: mean = 0.000 s, max = -0.000 s, min = 9223372036.855 s, total = 0.000 s
	ray::rpc::WorkerInfoGcsService.grpc_client.AddWorkerInfo.OnReplyReceived - 1 total (0 active), Execution time: mean = 15.725 us, total = 15.725 us, Queueing time: mean = 5.624 us, max = 5.624 us, min = 5.624 us, total = 5.624 us
	ray::rpc::InternalPubSubGcsService.grpc_client.GcsSubscriberCommandBatch - 1 total (0 active), Execution time: mean = 177.672 us, total = 177.672 us, Queueing time: mean = 0.000 s, max = -0.000 s, min = 9223372036.855 s, total = 0.000 s
	ray::rpc::NodeInfoGcsService.grpc_client.GetAllNodeInfo - 1 total (1 active), Execution time: mean = 0.000 s, total = 0.000 s, Queueing time: mean = 0.000 s, max = -0.000 s, min = 9223372036.855 s, total = 0.000 s

-----------------
Task execution event stats:

Global stats: 0 total (0 active)
Queueing time: mean = -nan s, max = -0.000 s, min = 9223372036.855 s, total = 0.000 s
Execution time:  mean = -nan s, total = 0.000 s
Event stats:

-----------------
Task Event stats:

IO Service Stats:

Global stats: 4 total (1 active)
Queueing time: mean = 1.443 us, max = 3.188 us, min = 2.585 us, total = 5.773 us
Execution time:  mean = 62.038 us, total = 248.150 us
Event stats:
	ray::rpc::TaskInfoGcsService.grpc_client.AddTaskEventData.OnReplyReceived - 1 total (0 active), Execution time: mean = 6.896 us, total = 6.896 us, Queueing time: mean = 3.188 us, max = 3.188 us, min = 3.188 us, total = 3.188 us
	PeriodicalRunner.RunFnPeriodically - 1 total (0 active), Execution time: mean = 65.520 us, total = 65.520 us, Queueing time: mean = 2.585 us, max = 2.585 us, min = 2.585 us, total = 2.585 us
	CoreWorker.deadline_timer.flush_task_events - 1 total (1 active), Execution time: mean = 0.000 s, total = 0.000 s, Queueing time: mean = 0.000 s, max = -0.000 s, min = 9223372036.855 s, total = 0.000 s
	ray::rpc::TaskInfoGcsService.grpc_client.AddTaskEventData - 1 total (0 active), Execution time: mean = 175.734 us, total = 175.734 us, Queueing time: mean = 0.000 s, max = -0.000 s, min = 9223372036.855 s, total = 0.000 s
Other Stats:
	grpc_in_progress:0
	current number of task status events in buffer: 0
	current number of profile events in buffer: 0
	current number of dropped task attempts tracked: 0
	total task events sent: 0 MiB
	total number of task attempts sent: 0
	total number of task attempts dropped reported: 0
	total number of sent failure: 0
	num status task events dropped: 0
	num profile task events dropped: 0


[2026-01-13 04:09:01,256 I 3403 3403] event.cc:500: Ray Event initialized for EXPORT_TASK
[2026-01-13 04:09:01,256 I 3403 3403] event.cc:331: Set ray event level to warning
[2026-01-13 04:09:01,256 I 3403 3593] accessor.cc:768: Received notification for node, IsAlive = 1 node_id=a1a81868503cfc2236cd7020faf94b967e790b1bbc73bd55427c7348
[2026-01-13 04:09:01,256 I 3403 3593] core_worker.cc:5107: Number of alive nodes:1
[2026-01-13 04:09:01,256 I 3403 3403] actor_task_submitter.cc:73: Set actor max pending calls to -1 actor_id=80b5f5b8710853c0c2cc9f9101000000
[2026-01-13 04:09:01,256 I 3403 3403] core_worker.cc:3370: Creating actor actor_id=80b5f5b8710853c0c2cc9f9101000000
[2026-01-13 04:09:02,244 I 3403 3684] actor_task_submitter.cc:73: Set actor max pending calls to 0 actor_id=3050862d1129f1777b44752001000000
[2026-01-13 04:09:02,245 I 3403 3593] actor_manager.cc:218: received notification on actor, state: ALIVE, ip address: 10.105.17.31, port: 43967, num_restarts: 0, death context type=CONTEXT_NOT_SET actor_id=3050862d1129f1777b44752001000000 worker_id=56d932d3d47f3714df1dea7b0de86e9f0cbf1cbd8194002ad8c7124a node_id=a1a81868503cfc2236cd7020faf94b967e790b1bbc73bd55427c7348
[2026-01-13 04:09:02,249 I 3403 3684] actor_task_submitter.cc:73: Set actor max pending calls to 0 actor_id=80b5f5b8710853c0c2cc9f9101000000
[2026-01-13 04:09:02,250 I 3403 3684] actor_task_submitter.cc:73: Set actor max pending calls to 0 actor_id=763f7e79f2550089717602c801000000
[2026-01-13 04:09:02,251 I 3403 3593] actor_manager.cc:218: received notification on actor, state: ALIVE, ip address: 10.105.17.31, port: 35059, num_restarts: 0, death context type=CONTEXT_NOT_SET actor_id=763f7e79f2550089717602c801000000 worker_id=6e8b26cd91a3f3219fa63468f06ddb38bfcef5f00deb9df89468ee2c node_id=a1a81868503cfc2236cd7020faf94b967e790b1bbc73bd55427c7348
[2026-01-13 04:09:02,274 I 3403 3684] actor_task_submitter.cc:73: Set actor max pending calls to 0 actor_id=05268a6b4b6f00c2f2a67db701000000
[2026-01-13 04:09:02,277 I 3403 3684] actor_task_submitter.cc:73: Set actor max pending calls to 0 actor_id=a07efcebda3b79ebee44a77d01000000
[2026-01-13 04:09:02,278 I 3403 3403] task_receiver.cc:175: Actor creation task finished, task_id: ffffffffffffffff80b5f5b8710853c0c2cc9f9101000000, actor_id: 80b5f5b8710853c0c2cc9f9101000000, actor_repr_name: 
[2026-01-13 04:09:02,279 I 3403 3403] out_of_order_actor_scheduling_queue.cc:48: Setting actor as asyncio with max_concurrency=2147483647, and defined concurrency groups are:

[2026-01-13 04:09:07,688 I 3403 3593] actor_manager.cc:218: received notification on actor, state: DEAD, ip address: 10.105.17.31, port: 43967, num_restarts: 0, death context type=ActorDiedErrorContext actor_id=3050862d1129f1777b44752001000000 worker_id=56d932d3d47f3714df1dea7b0de86e9f0cbf1cbd8194002ad8c7124a node_id=a1a81868503cfc2236cd7020faf94b967e790b1bbc73bd55427c7348
[2026-01-13 04:09:07,688 I 3403 3593] actor_task_submitter.cc:417: Failing pending tasks for actor because the actor is already dead. actor_id=3050862d1129f1777b44752001000000
[2026-01-13 04:09:07,692 I 3403 3593] actor_manager.cc:218: received notification on actor, state: DEAD, ip address: 10.105.17.31, port: 35059, num_restarts: 0, death context type=ActorDiedErrorContext actor_id=763f7e79f2550089717602c801000000 worker_id=6e8b26cd91a3f3219fa63468f06ddb38bfcef5f00deb9df89468ee2c node_id=a1a81868503cfc2236cd7020faf94b967e790b1bbc73bd55427c7348
[2026-01-13 04:09:07,692 I 3403 3593] actor_task_submitter.cc:417: Failing pending tasks for actor because the actor is already dead. actor_id=763f7e79f2550089717602c801000000
[2026-01-13 04:09:07,694 I 3403 3593] core_worker.cc:4542: Force kill actor request has received. exiting immediately... The actor is dead because it was killed by `ray.kill`.
[2026-01-13 04:09:07,694 W 3403 3593] core_worker.cc:1253: Force exit the process.  Details: Worker exits because the actor is killed. The actor is dead because it was killed by `ray.kill`.
[2026-01-13 04:09:07,695 I 3403 3593] core_worker.cc:1134: Try killing all child processes of this worker as it exits. Child process pids: 
[2026-01-13 04:09:07,696 I 3403 3593] core_worker.cc:1088: Sending disconnect message to the local raylet.
[2026-01-13 04:09:07,696 I 3403 3593] raylet_client.cc:73: RayletClient::Disconnect, exit_type=INTENDED_SYSTEM_EXIT, exit_detail=Worker exits because the actor is killed. The actor is dead because it was killed by `ray.kill`., has creation_task_exception_pb_bytes=0
[2026-01-13 04:09:07,697 I 3403 3593] core_worker.cc:1094: Disconnected from the local raylet.
