[2026-01-13 04:08:59,152 I 1424 1424] core_worker_process.cc:192: Constructing CoreWorkerProcess. pid: 1424
[2026-01-13 04:08:59,157 I 1424 1424] io_service_pool.cc:36: IOServicePool is running with 1 io_service.
[2026-01-13 04:08:59,159 I 1424 1424] grpc_server.cc:141: worker server started, listening on port 37453.
[2026-01-13 04:08:59,160 I 1424 1424] core_worker.cc:542: Initializing worker at address: 10.105.17.31:37453 worker_id=fb617ec0381cdb48b4e7c3887eb983b46bc17d63f78b0f430bd92d71 node_id=a1a81868503cfc2236cd7020faf94b967e790b1bbc73bd55427c7348
[2026-01-13 04:08:59,161 I 1424 1424] task_event_buffer.cc:287: Reporting task events to GCS every 1000ms.
[2026-01-13 04:08:59,161 I 1424 1424] core_worker.cc:967: Adjusted worker niceness to 15
[2026-01-13 04:08:59,161 I 1424 1614] core_worker.cc:902: Event stats:


Global stats: 11 total (5 active)
Queueing time: mean = 12.798 us, max = 73.842 us, min = 5.252 us, total = 140.778 us
Execution time:  mean = 81.881 us, total = 900.694 us
Event stats:
	PeriodicalRunner.RunFnPeriodically - 3 total (1 active, 1 running), Execution time: mean = 44.832 us, total = 134.496 us, Queueing time: mean = 41.381 us, max = 73.842 us, min = 50.302 us, total = 124.144 us
	CoreWorker.ExitIfParentRayletDies - 1 total (1 active), Execution time: mean = 0.000 s, total = 0.000 s, Queueing time: mean = 0.000 s, max = -0.000 s, min = 9223372036.855 s, total = 0.000 s
	ray::rpc::WorkerInfoGcsService.grpc_client.AddWorkerInfo.OnReplyReceived - 1 total (0 active), Execution time: mean = 19.758 us, total = 19.758 us, Queueing time: mean = 11.382 us, max = 11.382 us, min = 11.382 us, total = 11.382 us
	ray::rpc::NodeInfoGcsService.grpc_client.GetAllNodeInfo - 1 total (1 active), Execution time: mean = 0.000 s, total = 0.000 s, Queueing time: mean = 0.000 s, max = -0.000 s, min = 9223372036.855 s, total = 0.000 s
	ray::rpc::InternalPubSubGcsService.grpc_client.GcsSubscriberCommandBatch - 1 total (0 active), Execution time: mean = 250.138 us, total = 250.138 us, Queueing time: mean = 0.000 s, max = -0.000 s, min = 9223372036.855 s, total = 0.000 s
	ray::rpc::InternalPubSubGcsService.grpc_client.GcsSubscriberCommandBatch.OnReplyReceived - 1 total (0 active), Execution time: mean = 56.024 us, total = 56.024 us, Queueing time: mean = 5.252 us, max = 5.252 us, min = 5.252 us, total = 5.252 us
	ray::rpc::InternalPubSubGcsService.grpc_client.GcsSubscriberPoll - 1 total (1 active), Execution time: mean = 0.000 s, total = 0.000 s, Queueing time: mean = 0.000 s, max = -0.000 s, min = 9223372036.855 s, total = 0.000 s
	ray::rpc::WorkerInfoGcsService.grpc_client.AddWorkerInfo - 1 total (0 active), Execution time: mean = 440.278 us, total = 440.278 us, Queueing time: mean = 0.000 s, max = -0.000 s, min = 9223372036.855 s, total = 0.000 s
	Publisher.CheckDeadSubscribers - 1 total (1 active), Execution time: mean = 0.000 s, total = 0.000 s, Queueing time: mean = 0.000 s, max = -0.000 s, min = 9223372036.855 s, total = 0.000 s

-----------------
Task execution event stats:

Global stats: 0 total (0 active)
Queueing time: mean = -nan s, max = -0.000 s, min = 9223372036.855 s, total = 0.000 s
Execution time:  mean = -nan s, total = 0.000 s
Event stats:

-----------------
Task Event stats:

IO Service Stats:

Global stats: 3 total (2 active)
Queueing time: mean = 1.154 us, max = 3.461 us, min = 3.461 us, total = 3.461 us
Execution time:  mean = 24.266 us, total = 72.798 us
Event stats:
	ray::rpc::TaskInfoGcsService.grpc_client.AddTaskEventData - 1 total (1 active), Execution time: mean = 0.000 s, total = 0.000 s, Queueing time: mean = 0.000 s, max = -0.000 s, min = 9223372036.855 s, total = 0.000 s
	PeriodicalRunner.RunFnPeriodically - 1 total (0 active), Execution time: mean = 72.798 us, total = 72.798 us, Queueing time: mean = 3.461 us, max = 3.461 us, min = 3.461 us, total = 3.461 us
	CoreWorker.deadline_timer.flush_task_events - 1 total (1 active), Execution time: mean = 0.000 s, total = 0.000 s, Queueing time: mean = 0.000 s, max = -0.000 s, min = 9223372036.855 s, total = 0.000 s
Other Stats:
	grpc_in_progress:1
	current number of task status events in buffer: 0
	current number of profile events in buffer: 0
	current number of dropped task attempts tracked: 0
	total task events sent: 0 MiB
	total number of task attempts sent: 0
	total number of task attempts dropped reported: 0
	total number of sent failure: 0
	num status task events dropped: 0
	num profile task events dropped: 0


[2026-01-13 04:08:59,161 I 1424 1424] event.cc:500: Ray Event initialized for CORE_WORKER
[2026-01-13 04:08:59,161 I 1424 1424] event.cc:500: Ray Event initialized for EXPORT_TASK
[2026-01-13 04:08:59,161 I 1424 1424] event.cc:331: Set ray event level to warning
[2026-01-13 04:08:59,163 I 1424 1614] accessor.cc:768: Received notification for node, IsAlive = 1 node_id=a1a81868503cfc2236cd7020faf94b967e790b1bbc73bd55427c7348
[2026-01-13 04:08:59,163 I 1424 1614] core_worker.cc:5107: Number of alive nodes:1
[2026-01-13 04:08:59,584 I 1424 1424] actor_task_submitter.cc:73: Set actor max pending calls to -1 actor_id=84d0ce564c45ce7ac7c2f0c101000000
[2026-01-13 04:08:59,584 I 1424 1424] core_worker.cc:3370: Creating actor actor_id=84d0ce564c45ce7ac7c2f0c101000000
[2026-01-13 04:09:00,534 I 1424 1424] task_receiver.cc:175: Actor creation task finished, task_id: ffffffffffffffff84d0ce564c45ce7ac7c2f0c101000000, actor_id: 84d0ce564c45ce7ac7c2f0c101000000, actor_repr_name: 
[2026-01-13 04:09:07,695 I 1424 1614] core_worker.cc:4542: Force kill actor request has received. exiting immediately... The actor is dead because it was killed by `ray.kill`.
[2026-01-13 04:09:07,695 W 1424 1614] core_worker.cc:1253: Force exit the process.  Details: Worker exits because the actor is killed. The actor is dead because it was killed by `ray.kill`.
[2026-01-13 04:09:07,702 I 1424 1614] core_worker.cc:1134: Try killing all child processes of this worker as it exits. Child process pids: 
[2026-01-13 04:09:07,703 I 1424 1614] core_worker.cc:1088: Sending disconnect message to the local raylet.
[2026-01-13 04:09:07,703 I 1424 1614] raylet_client.cc:73: RayletClient::Disconnect, exit_type=INTENDED_SYSTEM_EXIT, exit_detail=Worker exits because the actor is killed. The actor is dead because it was killed by `ray.kill`., has creation_task_exception_pb_bytes=0
[2026-01-13 04:09:07,703 I 1424 1614] core_worker.cc:1094: Disconnected from the local raylet.
