[2026-01-13 04:08:59,271 I 1429 1429] core_worker_process.cc:192: Constructing CoreWorkerProcess. pid: 1429
[2026-01-13 04:08:59,286 I 1429 1429] io_service_pool.cc:36: IOServicePool is running with 1 io_service.
[2026-01-13 04:08:59,287 I 1429 1429] grpc_server.cc:141: worker server started, listening on port 40459.
[2026-01-13 04:08:59,287 I 1429 1429] core_worker.cc:542: Initializing worker at address: 10.105.17.31:40459 worker_id=48beeafedce906912b4c4e622d10d6d2e12882f1dd7ec4b81222053c node_id=a1a81868503cfc2236cd7020faf94b967e790b1bbc73bd55427c7348
[2026-01-13 04:08:59,287 I 1429 1429] task_event_buffer.cc:287: Reporting task events to GCS every 1000ms.
[2026-01-13 04:08:59,288 I 1429 1429] core_worker.cc:967: Adjusted worker niceness to 15
[2026-01-13 04:08:59,288 I 1429 2859] core_worker.cc:902: Event stats:


Global stats: 11 total (5 active)
Queueing time: mean = 3.557 us, max = 27.749 us, min = 2.633 us, total = 39.129 us
Execution time:  mean = 50.451 us, total = 554.966 us
Event stats:
	PeriodicalRunner.RunFnPeriodically - 3 total (1 active, 1 running), Execution time: mean = 5.379 us, total = 16.137 us, Queueing time: mean = 10.210 us, max = 27.749 us, min = 2.882 us, total = 30.631 us
	ray::rpc::InternalPubSubGcsService.grpc_client.GcsSubscriberPoll - 1 total (1 active), Execution time: mean = 0.000 s, total = 0.000 s, Queueing time: mean = 0.000 s, max = -0.000 s, min = 9223372036.855 s, total = 0.000 s
	ray::rpc::InternalPubSubGcsService.grpc_client.GcsSubscriberCommandBatch - 1 total (0 active), Execution time: mean = 213.846 us, total = 213.846 us, Queueing time: mean = 0.000 s, max = -0.000 s, min = 9223372036.855 s, total = 0.000 s
	ray::rpc::InternalPubSubGcsService.grpc_client.GcsSubscriberCommandBatch.OnReplyReceived - 1 total (0 active), Execution time: mean = 34.641 us, total = 34.641 us, Queueing time: mean = 2.633 us, max = 2.633 us, min = 2.633 us, total = 2.633 us
	ray::rpc::NodeInfoGcsService.grpc_client.GetAllNodeInfo - 1 total (1 active), Execution time: mean = 0.000 s, total = 0.000 s, Queueing time: mean = 0.000 s, max = -0.000 s, min = 9223372036.855 s, total = 0.000 s
	ray::rpc::WorkerInfoGcsService.grpc_client.AddWorkerInfo - 1 total (0 active), Execution time: mean = 281.590 us, total = 281.590 us, Queueing time: mean = 0.000 s, max = -0.000 s, min = 9223372036.855 s, total = 0.000 s
	CoreWorker.ExitIfParentRayletDies - 1 total (1 active), Execution time: mean = 0.000 s, total = 0.000 s, Queueing time: mean = 0.000 s, max = -0.000 s, min = 9223372036.855 s, total = 0.000 s
	Publisher.CheckDeadSubscribers - 1 total (1 active), Execution time: mean = 0.000 s, total = 0.000 s, Queueing time: mean = 0.000 s, max = -0.000 s, min = 9223372036.855 s, total = 0.000 s
	ray::rpc::WorkerInfoGcsService.grpc_client.AddWorkerInfo.OnReplyReceived - 1 total (0 active), Execution time: mean = 8.752 us, total = 8.752 us, Queueing time: mean = 5.865 us, max = 5.865 us, min = 5.865 us, total = 5.865 us

-----------------
Task execution event stats:

Global stats: 0 total (0 active)
Queueing time: mean = -nan s, max = -0.000 s, min = 9223372036.855 s, total = 0.000 s
Execution time:  mean = -nan s, total = 0.000 s
Event stats:

-----------------
Task Event stats:

IO Service Stats:

Global stats: 4 total (1 active)
Queueing time: mean = 2.628 us, max = 6.705 us, min = 3.809 us, total = 10.514 us
Execution time:  mean = 80.688 us, total = 322.751 us
Event stats:
	CoreWorker.deadline_timer.flush_task_events - 1 total (1 active), Execution time: mean = 0.000 s, total = 0.000 s, Queueing time: mean = 0.000 s, max = -0.000 s, min = 9223372036.855 s, total = 0.000 s
	ray::rpc::TaskInfoGcsService.grpc_client.AddTaskEventData - 1 total (0 active), Execution time: mean = 235.465 us, total = 235.465 us, Queueing time: mean = 0.000 s, max = -0.000 s, min = 9223372036.855 s, total = 0.000 s
	ray::rpc::TaskInfoGcsService.grpc_client.AddTaskEventData.OnReplyReceived - 1 total (0 active), Execution time: mean = 10.923 us, total = 10.923 us, Queueing time: mean = 6.705 us, max = 6.705 us, min = 6.705 us, total = 6.705 us
	PeriodicalRunner.RunFnPeriodically - 1 total (0 active), Execution time: mean = 76.363 us, total = 76.363 us, Queueing time: mean = 3.809 us, max = 3.809 us, min = 3.809 us, total = 3.809 us
Other Stats:
	grpc_in_progress:0
	current number of task status events in buffer: 0
	current number of profile events in buffer: 0
	current number of dropped task attempts tracked: 0
	total task events sent: 0 MiB
	total number of task attempts sent: 0
	total number of task attempts dropped reported: 0
	total number of sent failure: 0
	num status task events dropped: 0
	num profile task events dropped: 0


[2026-01-13 04:08:59,288 I 1429 1429] event.cc:500: Ray Event initialized for CORE_WORKER
[2026-01-13 04:08:59,288 I 1429 1429] event.cc:500: Ray Event initialized for EXPORT_TASK
[2026-01-13 04:08:59,288 I 1429 1429] event.cc:331: Set ray event level to warning
[2026-01-13 04:08:59,288 I 1429 2859] accessor.cc:768: Received notification for node, IsAlive = 1 node_id=a1a81868503cfc2236cd7020faf94b967e790b1bbc73bd55427c7348
[2026-01-13 04:08:59,288 I 1429 2859] core_worker.cc:5107: Number of alive nodes:1
[2026-01-13 04:09:09,175 I 1429 2859] accessor.cc:768: Received notification for node, IsAlive = 0 node_id=a1a81868503cfc2236cd7020faf94b967e790b1bbc73bd55427c7348
[2026-01-13 04:09:09,175 I 1429 2859] core_worker.cc:625: Node failure. All objects pinned on that node will be lost if object reconstruction is not enabled. node_id=a1a81868503cfc2236cd7020faf94b967e790b1bbc73bd55427c7348
[2026-01-13 04:09:09,289 I 1429 2859] raylet_client.cc:281: Error reporting task backlog information: RpcError: RPC Error message: failed to connect to all addresses; last error: UNKNOWN: ipv4:10.105.17.31:42297: Failed to connect to remote host: Connection refused; RPC Error details:  rpc_code: 14
[2026-01-13 04:09:09,295 W 1429 2841] metric_exporter.cc:105: [1] Export metrics to agent failed: RpcError: RPC Error message: failed to connect to all addresses; last error: UNKNOWN: ipv4:127.0.0.1:53350: Failed to connect to remote host: Connection refused; RPC Error details:  rpc_code: 14. This won't affect Ray, but you can lose metrics from the cluster.
