[2026-01-13 04:08:59,234 I 1450 1450] core_worker_process.cc:192: Constructing CoreWorkerProcess. pid: 1450
[2026-01-13 04:08:59,234 I 1450 1450] io_service_pool.cc:36: IOServicePool is running with 1 io_service.
[2026-01-13 04:08:59,236 I 1450 1450] grpc_server.cc:141: worker server started, listening on port 46123.
[2026-01-13 04:08:59,236 I 1450 1450] core_worker.cc:542: Initializing worker at address: 10.105.17.31:46123 worker_id=2759a18a70d431d9281014110f3f64875b5fd858af2d635b1abcca78 node_id=a1a81868503cfc2236cd7020faf94b967e790b1bbc73bd55427c7348
[2026-01-13 04:08:59,237 I 1450 1450] task_event_buffer.cc:287: Reporting task events to GCS every 1000ms.
[2026-01-13 04:08:59,237 I 1450 1450] core_worker.cc:967: Adjusted worker niceness to 15
[2026-01-13 04:08:59,237 I 1450 2419] core_worker.cc:902: Event stats:


Global stats: 14 total (10 active)
Queueing time: mean = 4.693 us, max = 52.140 us, min = 6.226 us, total = 65.704 us
Execution time:  mean = 25.713 us, total = 359.978 us
Event stats:
	PeriodicalRunner.RunFnPeriodically - 7 total (5 active, 1 running), Execution time: mean = 2.708 us, total = 18.957 us, Queueing time: mean = 8.338 us, max = 52.140 us, min = 6.226 us, total = 58.366 us
	ray::rpc::InternalPubSubGcsService.grpc_client.GcsSubscriberPoll - 1 total (1 active), Execution time: mean = 0.000 s, total = 0.000 s, Queueing time: mean = 0.000 s, max = -0.000 s, min = 9223372036.855 s, total = 0.000 s
	CoreWorker.ExitIfParentRayletDies - 1 total (1 active), Execution time: mean = 0.000 s, total = 0.000 s, Queueing time: mean = 0.000 s, max = -0.000 s, min = 9223372036.855 s, total = 0.000 s
	ray::rpc::NodeInfoGcsService.grpc_client.GetAllNodeInfo - 1 total (1 active), Execution time: mean = 0.000 s, total = 0.000 s, Queueing time: mean = 0.000 s, max = -0.000 s, min = 9223372036.855 s, total = 0.000 s
	Publisher.CheckDeadSubscribers - 1 total (1 active), Execution time: mean = 0.000 s, total = 0.000 s, Queueing time: mean = 0.000 s, max = -0.000 s, min = 9223372036.855 s, total = 0.000 s
	ray::rpc::InternalPubSubGcsService.grpc_client.GcsSubscriberCommandBatch.OnReplyReceived - 1 total (0 active), Execution time: mean = 94.857 us, total = 94.857 us, Queueing time: mean = 7.338 us, max = 7.338 us, min = 7.338 us, total = 7.338 us
	ray::rpc::WorkerInfoGcsService.grpc_client.AddWorkerInfo - 1 total (1 active), Execution time: mean = 0.000 s, total = 0.000 s, Queueing time: mean = 0.000 s, max = -0.000 s, min = 9223372036.855 s, total = 0.000 s
	ray::rpc::InternalPubSubGcsService.grpc_client.GcsSubscriberCommandBatch - 1 total (0 active), Execution time: mean = 246.164 us, total = 246.164 us, Queueing time: mean = 0.000 s, max = -0.000 s, min = 9223372036.855 s, total = 0.000 s

-----------------
Task execution event stats:

Global stats: 0 total (0 active)
Queueing time: mean = -nan s, max = -0.000 s, min = 9223372036.855 s, total = 0.000 s
Execution time:  mean = -nan s, total = 0.000 s
Event stats:

-----------------
Task Event stats:

IO Service Stats:

Global stats: 3 total (2 active)
Queueing time: mean = 1.571 us, max = 4.712 us, min = 4.712 us, total = 4.712 us
Execution time:  mean = 35.084 us, total = 105.251 us
Event stats:
	PeriodicalRunner.RunFnPeriodically - 1 total (0 active), Execution time: mean = 105.251 us, total = 105.251 us, Queueing time: mean = 4.712 us, max = 4.712 us, min = 4.712 us, total = 4.712 us
	ray::rpc::TaskInfoGcsService.grpc_client.AddTaskEventData - 1 total (1 active), Execution time: mean = 0.000 s, total = 0.000 s, Queueing time: mean = 0.000 s, max = -0.000 s, min = 9223372036.855 s, total = 0.000 s
	CoreWorker.deadline_timer.flush_task_events - 1 total (1 active), Execution time: mean = 0.000 s, total = 0.000 s, Queueing time: mean = 0.000 s, max = -0.000 s, min = 9223372036.855 s, total = 0.000 s
Other Stats:
	grpc_in_progress:1
	current number of task status events in buffer: 0
	current number of profile events in buffer: 0
	current number of dropped task attempts tracked: 0
	total task events sent: 0 MiB
	total number of task attempts sent: 0
	total number of task attempts dropped reported: 0
	total number of sent failure: 0
	num status task events dropped: 0
	num profile task events dropped: 0


[2026-01-13 04:08:59,237 I 1450 1450] event.cc:500: Ray Event initialized for CORE_WORKER
[2026-01-13 04:08:59,238 I 1450 1450] event.cc:500: Ray Event initialized for EXPORT_TASK
[2026-01-13 04:08:59,238 I 1450 1450] event.cc:331: Set ray event level to warning
[2026-01-13 04:08:59,238 I 1450 2419] accessor.cc:768: Received notification for node, IsAlive = 1 node_id=a1a81868503cfc2236cd7020faf94b967e790b1bbc73bd55427c7348
[2026-01-13 04:08:59,238 I 1450 2419] core_worker.cc:5107: Number of alive nodes:1
[2026-01-13 04:09:09,175 I 1450 2419] accessor.cc:768: Received notification for node, IsAlive = 0 node_id=a1a81868503cfc2236cd7020faf94b967e790b1bbc73bd55427c7348
[2026-01-13 04:09:09,176 I 1450 2419] core_worker.cc:625: Node failure. All objects pinned on that node will be lost if object reconstruction is not enabled. node_id=a1a81868503cfc2236cd7020faf94b967e790b1bbc73bd55427c7348
[2026-01-13 04:09:09,243 W 1450 2409] metric_exporter.cc:105: [1] Export metrics to agent failed: RpcError: RPC Error message: failed to connect to all addresses; last error: UNKNOWN: ipv4:127.0.0.1:53350: Failed to connect to remote host: Connection refused; RPC Error details:  rpc_code: 14. This won't affect Ray, but you can lose metrics from the cluster.
[2026-01-13 04:09:09,288 I 1450 2419] raylet_client.cc:281: Error reporting task backlog information: RpcError: RPC Error message: Cancelling all calls; RPC Error details:  rpc_code: 14
