[2026-01-13 04:08:59,211 I 1444 1444] core_worker_process.cc:192: Constructing CoreWorkerProcess. pid: 1444
[2026-01-13 04:08:59,212 I 1444 1444] io_service_pool.cc:36: IOServicePool is running with 1 io_service.
[2026-01-13 04:08:59,215 I 1444 1444] grpc_server.cc:141: worker server started, listening on port 33883.
[2026-01-13 04:08:59,215 I 1444 1444] core_worker.cc:542: Initializing worker at address: 10.105.17.31:33883 worker_id=28936a7b1ec7c4f1d2e96cef0e176ff3800f63e312aac7f2b9718b75 node_id=a1a81868503cfc2236cd7020faf94b967e790b1bbc73bd55427c7348
[2026-01-13 04:08:59,216 I 1444 1444] task_event_buffer.cc:287: Reporting task events to GCS every 1000ms.
[2026-01-13 04:08:59,216 I 1444 1444] core_worker.cc:967: Adjusted worker niceness to 15
[2026-01-13 04:08:59,216 I 1444 2099] core_worker.cc:902: Event stats:


Global stats: 13 total (9 active)
Queueing time: mean = 26.743 us, max = 191.900 us, min = 62.060 us, total = 347.660 us
Execution time:  mean = 43.742 us, total = 568.650 us
Event stats:
	PeriodicalRunner.RunFnPeriodically - 7 total (5 active, 1 running), Execution time: mean = 3.352 us, total = 23.465 us, Queueing time: mean = 36.280 us, max = 191.900 us, min = 62.060 us, total = 253.960 us
	Publisher.CheckDeadSubscribers - 1 total (1 active), Execution time: mean = 0.000 s, total = 0.000 s, Queueing time: mean = 0.000 s, max = -0.000 s, min = 9223372036.855 s, total = 0.000 s
	CoreWorker.ExitIfParentRayletDies - 1 total (1 active), Execution time: mean = 0.000 s, total = 0.000 s, Queueing time: mean = 0.000 s, max = -0.000 s, min = 9223372036.855 s, total = 0.000 s
	ray::rpc::InternalPubSubGcsService.grpc_client.GcsSubscriberCommandBatch - 1 total (1 active), Execution time: mean = 0.000 s, total = 0.000 s, Queueing time: mean = 0.000 s, max = -0.000 s, min = 9223372036.855 s, total = 0.000 s
	ray::rpc::InternalPubSubGcsService.grpc_client.GcsSubscriberPoll - 1 total (1 active), Execution time: mean = 0.000 s, total = 0.000 s, Queueing time: mean = 0.000 s, max = -0.000 s, min = 9223372036.855 s, total = 0.000 s
	ray::rpc::WorkerInfoGcsService.grpc_client.AddWorkerInfo - 1 total (0 active), Execution time: mean = 532.739 us, total = 532.739 us, Queueing time: mean = 0.000 s, max = -0.000 s, min = 9223372036.855 s, total = 0.000 s
	ray::rpc::WorkerInfoGcsService.grpc_client.AddWorkerInfo.OnReplyReceived - 1 total (0 active), Execution time: mean = 12.446 us, total = 12.446 us, Queueing time: mean = 93.700 us, max = 93.700 us, min = 93.700 us, total = 93.700 us

-----------------
Task execution event stats:

Global stats: 0 total (0 active)
Queueing time: mean = -nan s, max = -0.000 s, min = 9223372036.855 s, total = 0.000 s
Execution time:  mean = -nan s, total = 0.000 s
Event stats:

-----------------
Task Event stats:

IO Service Stats:

Global stats: 3 total (2 active)
Queueing time: mean = 1.226 us, max = 3.678 us, min = 3.678 us, total = 3.678 us
Execution time:  mean = 21.417 us, total = 64.251 us
Event stats:
	PeriodicalRunner.RunFnPeriodically - 1 total (0 active), Execution time: mean = 64.251 us, total = 64.251 us, Queueing time: mean = 3.678 us, max = 3.678 us, min = 3.678 us, total = 3.678 us
	ray::rpc::TaskInfoGcsService.grpc_client.AddTaskEventData - 1 total (1 active), Execution time: mean = 0.000 s, total = 0.000 s, Queueing time: mean = 0.000 s, max = -0.000 s, min = 9223372036.855 s, total = 0.000 s
	CoreWorker.deadline_timer.flush_task_events - 1 total (1 active), Execution time: mean = 0.000 s, total = 0.000 s, Queueing time: mean = 0.000 s, max = -0.000 s, min = 9223372036.855 s, total = 0.000 s
Other Stats:
	grpc_in_progress:1
	current number of task status events in buffer: 0
	current number of profile events in buffer: 0
	current number of dropped task attempts tracked: 0
	total task events sent: 0 MiB
	total number of task attempts sent: 0
	total number of task attempts dropped reported: 0
	total number of sent failure: 0
	num status task events dropped: 0
	num profile task events dropped: 0


[2026-01-13 04:08:59,216 I 1444 1444] event.cc:500: Ray Event initialized for CORE_WORKER
[2026-01-13 04:08:59,216 I 1444 1444] event.cc:500: Ray Event initialized for EXPORT_TASK
[2026-01-13 04:08:59,216 I 1444 1444] event.cc:331: Set ray event level to warning
[2026-01-13 04:08:59,217 I 1444 2099] accessor.cc:768: Received notification for node, IsAlive = 1 node_id=a1a81868503cfc2236cd7020faf94b967e790b1bbc73bd55427c7348
[2026-01-13 04:08:59,217 I 1444 2099] core_worker.cc:5107: Number of alive nodes:1
[2026-01-13 04:09:09,175 I 1444 2099] accessor.cc:768: Received notification for node, IsAlive = 0 node_id=a1a81868503cfc2236cd7020faf94b967e790b1bbc73bd55427c7348
[2026-01-13 04:09:09,176 I 1444 2099] core_worker.cc:625: Node failure. All objects pinned on that node will be lost if object reconstruction is not enabled. node_id=a1a81868503cfc2236cd7020faf94b967e790b1bbc73bd55427c7348
[2026-01-13 04:09:09,220 W 1444 2093] metric_exporter.cc:105: [1] Export metrics to agent failed: RpcError: RPC Error message: failed to connect to all addresses; last error: UNKNOWN: ipv4:127.0.0.1:53350: Failed to connect to remote host: Connection refused; RPC Error details:  rpc_code: 14. This won't affect Ray, but you can lose metrics from the cluster.
[2026-01-13 04:09:09,289 I 1444 2099] raylet_client.cc:281: Error reporting task backlog information: RpcError: RPC Error message: Cancelling all calls; RPC Error details:  rpc_code: 14
