[2026-01-13 04:08:59,263 I 1434 1434] core_worker_process.cc:192: Constructing CoreWorkerProcess. pid: 1434
[2026-01-13 04:08:59,264 I 1434 1434] io_service_pool.cc:36: IOServicePool is running with 1 io_service.
[2026-01-13 04:08:59,265 I 1434 1434] grpc_server.cc:141: worker server started, listening on port 43067.
[2026-01-13 04:08:59,265 I 1434 1434] core_worker.cc:542: Initializing worker at address: 10.105.17.31:43067 worker_id=172a041f9f96afda815dcf3ea0e3d7330d4776403576c7ea978959b9 node_id=a1a81868503cfc2236cd7020faf94b967e790b1bbc73bd55427c7348
[2026-01-13 04:08:59,265 I 1434 1434] task_event_buffer.cc:287: Reporting task events to GCS every 1000ms.
[2026-01-13 04:08:59,266 I 1434 1434] core_worker.cc:967: Adjusted worker niceness to 15
[2026-01-13 04:08:59,266 I 1434 2728] core_worker.cc:902: Event stats:


Global stats: 9 total (5 active)
Queueing time: mean = 5.585 us, max = 39.702 us, min = 4.776 us, total = 50.261 us
Execution time:  mean = 31.605 us, total = 284.449 us
Event stats:
	PeriodicalRunner.RunFnPeriodically - 3 total (1 active, 1 running), Execution time: mean = 5.661 us, total = 16.982 us, Queueing time: mean = 15.162 us, max = 39.702 us, min = 5.783 us, total = 45.485 us
	ray::rpc::WorkerInfoGcsService.grpc_client.AddWorkerInfo - 1 total (0 active), Execution time: mean = 252.985 us, total = 252.985 us, Queueing time: mean = 0.000 s, max = -0.000 s, min = 9223372036.855 s, total = 0.000 s
	ray::rpc::InternalPubSubGcsService.grpc_client.GcsSubscriberCommandBatch - 1 total (1 active), Execution time: mean = 0.000 s, total = 0.000 s, Queueing time: mean = 0.000 s, max = -0.000 s, min = 9223372036.855 s, total = 0.000 s
	ray::rpc::WorkerInfoGcsService.grpc_client.AddWorkerInfo.OnReplyReceived - 1 total (0 active), Execution time: mean = 14.482 us, total = 14.482 us, Queueing time: mean = 4.776 us, max = 4.776 us, min = 4.776 us, total = 4.776 us
	CoreWorker.ExitIfParentRayletDies - 1 total (1 active), Execution time: mean = 0.000 s, total = 0.000 s, Queueing time: mean = 0.000 s, max = -0.000 s, min = 9223372036.855 s, total = 0.000 s
	Publisher.CheckDeadSubscribers - 1 total (1 active), Execution time: mean = 0.000 s, total = 0.000 s, Queueing time: mean = 0.000 s, max = -0.000 s, min = 9223372036.855 s, total = 0.000 s
	ray::rpc::InternalPubSubGcsService.grpc_client.GcsSubscriberPoll - 1 total (1 active), Execution time: mean = 0.000 s, total = 0.000 s, Queueing time: mean = 0.000 s, max = -0.000 s, min = 9223372036.855 s, total = 0.000 s

-----------------
Task execution event stats:

Global stats: 0 total (0 active)
Queueing time: mean = -nan s, max = -0.000 s, min = 9223372036.855 s, total = 0.000 s
Execution time:  mean = -nan s, total = 0.000 s
Event stats:

-----------------
Task Event stats:

IO Service Stats:

Global stats: 4 total (1 active)
Queueing time: mean = 6.094 us, max = 18.248 us, min = 6.129 us, total = 24.377 us
Execution time:  mean = 73.878 us, total = 295.511 us
Event stats:
	CoreWorker.deadline_timer.flush_task_events - 1 total (1 active), Execution time: mean = 0.000 s, total = 0.000 s, Queueing time: mean = 0.000 s, max = -0.000 s, min = 9223372036.855 s, total = 0.000 s
	ray::rpc::TaskInfoGcsService.grpc_client.AddTaskEventData - 1 total (0 active), Execution time: mean = 212.219 us, total = 212.219 us, Queueing time: mean = 0.000 s, max = -0.000 s, min = 9223372036.855 s, total = 0.000 s
	ray::rpc::TaskInfoGcsService.grpc_client.AddTaskEventData.OnReplyReceived - 1 total (0 active), Execution time: mean = 13.765 us, total = 13.765 us, Queueing time: mean = 18.248 us, max = 18.248 us, min = 18.248 us, total = 18.248 us
	PeriodicalRunner.RunFnPeriodically - 1 total (0 active), Execution time: mean = 69.527 us, total = 69.527 us, Queueing time: mean = 6.129 us, max = 6.129 us, min = 6.129 us, total = 6.129 us
Other Stats:
	grpc_in_progress:0
	current number of task status events in buffer: 0
	current number of profile events in buffer: 0
	current number of dropped task attempts tracked: 0
	total task events sent: 0 MiB
	total number of task attempts sent: 0
	total number of task attempts dropped reported: 0
	total number of sent failure: 0
	num status task events dropped: 0
	num profile task events dropped: 0


[2026-01-13 04:08:59,266 I 1434 1434] event.cc:500: Ray Event initialized for CORE_WORKER
[2026-01-13 04:08:59,266 I 1434 1434] event.cc:500: Ray Event initialized for EXPORT_TASK
[2026-01-13 04:08:59,266 I 1434 1434] event.cc:331: Set ray event level to warning
[2026-01-13 04:08:59,266 I 1434 2728] accessor.cc:768: Received notification for node, IsAlive = 1 node_id=a1a81868503cfc2236cd7020faf94b967e790b1bbc73bd55427c7348
[2026-01-13 04:08:59,266 I 1434 2728] core_worker.cc:5107: Number of alive nodes:1
[2026-01-13 04:09:09,175 I 1434 2728] accessor.cc:768: Received notification for node, IsAlive = 0 node_id=a1a81868503cfc2236cd7020faf94b967e790b1bbc73bd55427c7348
[2026-01-13 04:09:09,175 I 1434 2728] core_worker.cc:625: Node failure. All objects pinned on that node will be lost if object reconstruction is not enabled. node_id=a1a81868503cfc2236cd7020faf94b967e790b1bbc73bd55427c7348
[2026-01-13 04:09:09,273 W 1434 2723] metric_exporter.cc:105: [1] Export metrics to agent failed: RpcError: RPC Error message: failed to connect to all addresses; last error: UNKNOWN: ipv4:127.0.0.1:53350: Failed to connect to remote host: Connection refused; RPC Error details:  rpc_code: 14. This won't affect Ray, but you can lose metrics from the cluster.
[2026-01-13 04:09:09,288 I 1434 2728] raylet_client.cc:281: Error reporting task backlog information: RpcError: RPC Error message: Cancelling all calls; RPC Error details:  rpc_code: 14
