[2026-01-13 04:08:59,270 I 1432 1432] core_worker_process.cc:192: Constructing CoreWorkerProcess. pid: 1432
[2026-01-13 04:08:59,286 I 1432 1432] io_service_pool.cc:36: IOServicePool is running with 1 io_service.
[2026-01-13 04:08:59,287 I 1432 1432] grpc_server.cc:141: worker server started, listening on port 41753.
[2026-01-13 04:08:59,288 I 1432 1432] core_worker.cc:542: Initializing worker at address: 10.105.17.31:41753 worker_id=000f0f2e5bf5f4b3ed4b9a420613f456b80ec3e5947ac7fdd3a558f1 node_id=a1a81868503cfc2236cd7020faf94b967e790b1bbc73bd55427c7348
[2026-01-13 04:08:59,288 I 1432 1432] task_event_buffer.cc:287: Reporting task events to GCS every 1000ms.
[2026-01-13 04:08:59,289 I 1432 1432] core_worker.cc:967: Adjusted worker niceness to 15
[2026-01-13 04:08:59,289 I 1432 1432] event.cc:500: Ray Event initialized for CORE_WORKER
[2026-01-13 04:08:59,289 I 1432 1432] event.cc:500: Ray Event initialized for EXPORT_TASK
[2026-01-13 04:08:59,289 I 1432 1432] event.cc:331: Set ray event level to warning
[2026-01-13 04:08:59,289 I 1432 2863] core_worker.cc:902: Event stats:


Global stats: 15 total (9 active)
Queueing time: mean = 4.748 us, max = 49.889 us, min = 6.186 us, total = 71.222 us
Execution time:  mean = 34.163 us, total = 512.440 us
Event stats:
	PeriodicalRunner.RunFnPeriodically - 7 total (5 active, 1 running), Execution time: mean = 2.024 us, total = 14.165 us, Queueing time: mean = 8.011 us, max = 49.889 us, min = 6.186 us, total = 56.075 us
	ray::rpc::InternalPubSubGcsService.grpc_client.GcsSubscriberPoll - 1 total (1 active), Execution time: mean = 0.000 s, total = 0.000 s, Queueing time: mean = 0.000 s, max = -0.000 s, min = 9223372036.855 s, total = 0.000 s
	ray::rpc::InternalPubSubGcsService.grpc_client.GcsSubscriberCommandBatch - 1 total (0 active), Execution time: mean = 180.224 us, total = 180.224 us, Queueing time: mean = 0.000 s, max = -0.000 s, min = 9223372036.855 s, total = 0.000 s
	ray::rpc::InternalPubSubGcsService.grpc_client.GcsSubscriberCommandBatch.OnReplyReceived - 1 total (0 active), Execution time: mean = 67.605 us, total = 67.605 us, Queueing time: mean = 6.375 us, max = 6.375 us, min = 6.375 us, total = 6.375 us
	ray::rpc::WorkerInfoGcsService.grpc_client.AddWorkerInfo.OnReplyReceived - 1 total (0 active), Execution time: mean = 16.240 us, total = 16.240 us, Queueing time: mean = 8.772 us, max = 8.772 us, min = 8.772 us, total = 8.772 us
	ray::rpc::NodeInfoGcsService.grpc_client.GetAllNodeInfo - 1 total (1 active), Execution time: mean = 0.000 s, total = 0.000 s, Queueing time: mean = 0.000 s, max = -0.000 s, min = 9223372036.855 s, total = 0.000 s
	ray::rpc::WorkerInfoGcsService.grpc_client.AddWorkerInfo - 1 total (0 active), Execution time: mean = 234.206 us, total = 234.206 us, Queueing time: mean = 0.000 s, max = -0.000 s, min = 9223372036.855 s, total = 0.000 s
	Publisher.CheckDeadSubscribers - 1 total (1 active), Execution time: mean = 0.000 s, total = 0.000 s, Queueing time: mean = 0.000 s, max = -0.000 s, min = 9223372036.855 s, total = 0.000 s
	CoreWorker.ExitIfParentRayletDies - 1 total (1 active), Execution time: mean = 0.000 s, total = 0.000 s, Queueing time: mean = 0.000 s, max = -0.000 s, min = 9223372036.855 s, total = 0.000 s

-----------------
Task execution event stats:

Global stats: 0 total (0 active)
Queueing time: mean = -nan s, max = -0.000 s, min = 9223372036.855 s, total = 0.000 s
Execution time:  mean = -nan s, total = 0.000 s
Event stats:

-----------------
Task Event stats:

IO Service Stats:

Global stats: 4 total (1 active)
Queueing time: mean = 2.304 us, max = 5.388 us, min = 3.829 us, total = 9.217 us
Execution time:  mean = 70.745 us, total = 282.981 us
Event stats:
	PeriodicalRunner.RunFnPeriodically - 1 total (0 active), Execution time: mean = 63.393 us, total = 63.393 us, Queueing time: mean = 3.829 us, max = 3.829 us, min = 3.829 us, total = 3.829 us
	ray::rpc::TaskInfoGcsService.grpc_client.AddTaskEventData - 1 total (0 active), Execution time: mean = 209.331 us, total = 209.331 us, Queueing time: mean = 0.000 s, max = -0.000 s, min = 9223372036.855 s, total = 0.000 s
	CoreWorker.deadline_timer.flush_task_events - 1 total (1 active), Execution time: mean = 0.000 s, total = 0.000 s, Queueing time: mean = 0.000 s, max = -0.000 s, min = 9223372036.855 s, total = 0.000 s
	ray::rpc::TaskInfoGcsService.grpc_client.AddTaskEventData.OnReplyReceived - 1 total (0 active), Execution time: mean = 10.257 us, total = 10.257 us, Queueing time: mean = 5.388 us, max = 5.388 us, min = 5.388 us, total = 5.388 us
Other Stats:
	grpc_in_progress:0
	current number of task status events in buffer: 0
	current number of profile events in buffer: 0
	current number of dropped task attempts tracked: 0
	total task events sent: 0 MiB
	total number of task attempts sent: 0
	total number of task attempts dropped reported: 0
	total number of sent failure: 0
	num status task events dropped: 0
	num profile task events dropped: 0


[2026-01-13 04:08:59,289 I 1432 2863] accessor.cc:768: Received notification for node, IsAlive = 1 node_id=a1a81868503cfc2236cd7020faf94b967e790b1bbc73bd55427c7348
[2026-01-13 04:08:59,289 I 1432 2863] core_worker.cc:5107: Number of alive nodes:1
[2026-01-13 04:09:09,176 I 1432 2863] accessor.cc:768: Received notification for node, IsAlive = 0 node_id=a1a81868503cfc2236cd7020faf94b967e790b1bbc73bd55427c7348
[2026-01-13 04:09:09,176 I 1432 2863] core_worker.cc:625: Node failure. All objects pinned on that node will be lost if object reconstruction is not enabled. node_id=a1a81868503cfc2236cd7020faf94b967e790b1bbc73bd55427c7348
[2026-01-13 04:09:09,291 I 1432 2863] raylet_client.cc:281: Error reporting task backlog information: RpcError: RPC Error message: failed to connect to all addresses; last error: UNKNOWN: ipv4:10.105.17.31:42297: Failed to connect to remote host: Connection refused; RPC Error details:  rpc_code: 14
[2026-01-13 04:09:09,295 W 1432 2847] metric_exporter.cc:105: [1] Export metrics to agent failed: RpcError: RPC Error message: failed to connect to all addresses; last error: UNKNOWN: ipv4:127.0.0.1:53350: Failed to connect to remote host: Connection refused; RPC Error details:  rpc_code: 14. This won't affect Ray, but you can lose metrics from the cluster.
