[2026-01-13 04:08:59,358 I 1430 1430] core_worker_process.cc:192: Constructing CoreWorkerProcess. pid: 1430
[2026-01-13 04:08:59,359 I 1430 1430] io_service_pool.cc:36: IOServicePool is running with 1 io_service.
[2026-01-13 04:08:59,360 I 1430 1430] grpc_server.cc:141: worker server started, listening on port 38365.
[2026-01-13 04:08:59,360 I 1430 1430] core_worker.cc:542: Initializing worker at address: 10.105.17.31:38365 worker_id=ebaac1635e0da66b952d9589c72890de5eb993d71eb7e5de311dd7ea node_id=a1a81868503cfc2236cd7020faf94b967e790b1bbc73bd55427c7348
[2026-01-13 04:08:59,360 I 1430 1430] task_event_buffer.cc:287: Reporting task events to GCS every 1000ms.
[2026-01-13 04:08:59,361 I 1430 1430] core_worker.cc:967: Adjusted worker niceness to 15
[2026-01-13 04:08:59,361 I 1430 3179] core_worker.cc:902: Event stats:


Global stats: 9 total (5 active)
Queueing time: mean = 4.153 us, max = 31.954 us, min = 2.054 us, total = 37.378 us
Execution time:  mean = 19.003 us, total = 171.028 us
Event stats:
	PeriodicalRunner.RunFnPeriodically - 3 total (1 active, 1 running), Execution time: mean = 5.015 us, total = 15.044 us, Queueing time: mean = 11.336 us, max = 31.954 us, min = 2.054 us, total = 34.008 us
	ray::rpc::WorkerInfoGcsService.grpc_client.AddWorkerInfo - 1 total (0 active), Execution time: mean = 145.564 us, total = 145.564 us, Queueing time: mean = 0.000 s, max = -0.000 s, min = 9223372036.855 s, total = 0.000 s
	ray::rpc::WorkerInfoGcsService.grpc_client.AddWorkerInfo.OnReplyReceived - 1 total (0 active), Execution time: mean = 10.420 us, total = 10.420 us, Queueing time: mean = 3.370 us, max = 3.370 us, min = 3.370 us, total = 3.370 us
	Publisher.CheckDeadSubscribers - 1 total (1 active), Execution time: mean = 0.000 s, total = 0.000 s, Queueing time: mean = 0.000 s, max = -0.000 s, min = 9223372036.855 s, total = 0.000 s
	ray::rpc::InternalPubSubGcsService.grpc_client.GcsSubscriberCommandBatch - 1 total (1 active), Execution time: mean = 0.000 s, total = 0.000 s, Queueing time: mean = 0.000 s, max = -0.000 s, min = 9223372036.855 s, total = 0.000 s
	ray::rpc::InternalPubSubGcsService.grpc_client.GcsSubscriberPoll - 1 total (1 active), Execution time: mean = 0.000 s, total = 0.000 s, Queueing time: mean = 0.000 s, max = -0.000 s, min = 9223372036.855 s, total = 0.000 s
	CoreWorker.ExitIfParentRayletDies - 1 total (1 active), Execution time: mean = 0.000 s, total = 0.000 s, Queueing time: mean = 0.000 s, max = -0.000 s, min = 9223372036.855 s, total = 0.000 s

-----------------
Task execution event stats:

Global stats: 0 total (0 active)
Queueing time: mean = -nan s, max = -0.000 s, min = 9223372036.855 s, total = 0.000 s
Execution time:  mean = -nan s, total = 0.000 s
Event stats:

-----------------
Task Event stats:

IO Service Stats:

Global stats: 3 total (2 active)
Queueing time: mean = 1.074 us, max = 3.223 us, min = 3.223 us, total = 3.223 us
Execution time:  mean = 28.504 us, total = 85.511 us
Event stats:
	CoreWorker.deadline_timer.flush_task_events - 1 total (1 active), Execution time: mean = 0.000 s, total = 0.000 s, Queueing time: mean = 0.000 s, max = -0.000 s, min = 9223372036.855 s, total = 0.000 s
	PeriodicalRunner.RunFnPeriodically - 1 total (0 active), Execution time: mean = 85.511 us, total = 85.511 us, Queueing time: mean = 3.223 us, max = 3.223 us, min = 3.223 us, total = 3.223 us
	ray::rpc::TaskInfoGcsService.grpc_client.AddTaskEventData - 1 total (1 active), Execution time: mean = 0.000 s, total = 0.000 s, Queueing time: mean = 0.000 s, max = -0.000 s, min = 9223372036.855 s, total = 0.000 s
Other Stats:
	grpc_in_progress:1
	current number of task status events in buffer: 0
	current number of profile events in buffer: 0
	current number of dropped task attempts tracked: 0
	total task events sent: 0 MiB
	total number of task attempts sent: 0
	total number of task attempts dropped reported: 0
	total number of sent failure: 0
	num status task events dropped: 0
	num profile task events dropped: 0


[2026-01-13 04:08:59,361 I 1430 1430] event.cc:500: Ray Event initialized for CORE_WORKER
[2026-01-13 04:08:59,361 I 1430 1430] event.cc:500: Ray Event initialized for EXPORT_TASK
[2026-01-13 04:08:59,361 I 1430 1430] event.cc:331: Set ray event level to warning
[2026-01-13 04:08:59,361 I 1430 3179] accessor.cc:768: Received notification for node, IsAlive = 1 node_id=a1a81868503cfc2236cd7020faf94b967e790b1bbc73bd55427c7348
[2026-01-13 04:08:59,361 I 1430 3179] core_worker.cc:5107: Number of alive nodes:1
[2026-01-13 04:09:09,175 I 1430 3179] accessor.cc:768: Received notification for node, IsAlive = 0 node_id=a1a81868503cfc2236cd7020faf94b967e790b1bbc73bd55427c7348
[2026-01-13 04:09:09,176 I 1430 3179] core_worker.cc:625: Node failure. All objects pinned on that node will be lost if object reconstruction is not enabled. node_id=a1a81868503cfc2236cd7020faf94b967e790b1bbc73bd55427c7348
