[2026-01-13 04:08:59,215 I 1426 1426] core_worker_process.cc:192: Constructing CoreWorkerProcess. pid: 1426
[2026-01-13 04:08:59,216 I 1426 1426] io_service_pool.cc:36: IOServicePool is running with 1 io_service.
[2026-01-13 04:08:59,217 I 1426 1426] grpc_server.cc:141: worker server started, listening on port 39895.
[2026-01-13 04:08:59,218 I 1426 1426] core_worker.cc:542: Initializing worker at address: 10.105.17.31:39895 worker_id=23d6f6a116a8bf9aead19843c975cef5c04952586cf91106a84ca2b9 node_id=a1a81868503cfc2236cd7020faf94b967e790b1bbc73bd55427c7348
[2026-01-13 04:08:59,218 I 1426 1426] task_event_buffer.cc:287: Reporting task events to GCS every 1000ms.
[2026-01-13 04:08:59,219 I 1426 1426] core_worker.cc:967: Adjusted worker niceness to 15
[2026-01-13 04:08:59,219 I 1426 2140] core_worker.cc:902: Event stats:


Global stats: 11 total (7 active)
Queueing time: mean = 6.107 us, max = 55.620 us, min = 4.528 us, total = 67.172 us
Execution time:  mean = 29.690 us, total = 326.590 us
Event stats:
	PeriodicalRunner.RunFnPeriodically - 5 total (3 active, 1 running), Execution time: mean = 4.348 us, total = 21.738 us, Queueing time: mean = 12.529 us, max = 55.620 us, min = 7.024 us, total = 62.644 us
	Publisher.CheckDeadSubscribers - 1 total (1 active), Execution time: mean = 0.000 s, total = 0.000 s, Queueing time: mean = 0.000 s, max = -0.000 s, min = 9223372036.855 s, total = 0.000 s
	ray::rpc::WorkerInfoGcsService.grpc_client.AddWorkerInfo.OnReplyReceived - 1 total (0 active), Execution time: mean = 15.783 us, total = 15.783 us, Queueing time: mean = 4.528 us, max = 4.528 us, min = 4.528 us, total = 4.528 us
	ray::rpc::InternalPubSubGcsService.grpc_client.GcsSubscriberCommandBatch - 1 total (1 active), Execution time: mean = 0.000 s, total = 0.000 s, Queueing time: mean = 0.000 s, max = -0.000 s, min = 9223372036.855 s, total = 0.000 s
	ray::rpc::InternalPubSubGcsService.grpc_client.GcsSubscriberPoll - 1 total (1 active), Execution time: mean = 0.000 s, total = 0.000 s, Queueing time: mean = 0.000 s, max = -0.000 s, min = 9223372036.855 s, total = 0.000 s
	CoreWorker.ExitIfParentRayletDies - 1 total (1 active), Execution time: mean = 0.000 s, total = 0.000 s, Queueing time: mean = 0.000 s, max = -0.000 s, min = 9223372036.855 s, total = 0.000 s
	ray::rpc::WorkerInfoGcsService.grpc_client.AddWorkerInfo - 1 total (0 active), Execution time: mean = 289.069 us, total = 289.069 us, Queueing time: mean = 0.000 s, max = -0.000 s, min = 9223372036.855 s, total = 0.000 s

-----------------
Task execution event stats:

Global stats: 0 total (0 active)
Queueing time: mean = -nan s, max = -0.000 s, min = 9223372036.855 s, total = 0.000 s
Execution time:  mean = -nan s, total = 0.000 s
Event stats:

-----------------
Task Event stats:

IO Service Stats:

Global stats: 3 total (2 active)
Queueing time: mean = 13.710 us, max = 41.129 us, min = 41.129 us, total = 41.129 us
Execution time:  mean = 26.830 us, total = 80.489 us
Event stats:
	PeriodicalRunner.RunFnPeriodically - 1 total (0 active), Execution time: mean = 80.489 us, total = 80.489 us, Queueing time: mean = 41.129 us, max = 41.129 us, min = 41.129 us, total = 41.129 us
	ray::rpc::TaskInfoGcsService.grpc_client.AddTaskEventData - 1 total (1 active), Execution time: mean = 0.000 s, total = 0.000 s, Queueing time: mean = 0.000 s, max = -0.000 s, min = 9223372036.855 s, total = 0.000 s
	CoreWorker.deadline_timer.flush_task_events - 1 total (1 active), Execution time: mean = 0.000 s, total = 0.000 s, Queueing time: mean = 0.000 s, max = -0.000 s, min = 9223372036.855 s, total = 0.000 s
Other Stats:
	grpc_in_progress:1
	current number of task status events in buffer: 0
	current number of profile events in buffer: 0
	current number of dropped task attempts tracked: 0
	total task events sent: 0 MiB
	total number of task attempts sent: 0
	total number of task attempts dropped reported: 0
	total number of sent failure: 0
	num status task events dropped: 0
	num profile task events dropped: 0


[2026-01-13 04:08:59,219 I 1426 1426] event.cc:500: Ray Event initialized for CORE_WORKER
[2026-01-13 04:08:59,219 I 1426 1426] event.cc:500: Ray Event initialized for EXPORT_TASK
[2026-01-13 04:08:59,219 I 1426 1426] event.cc:331: Set ray event level to warning
[2026-01-13 04:08:59,219 I 1426 2140] accessor.cc:768: Received notification for node, IsAlive = 1 node_id=a1a81868503cfc2236cd7020faf94b967e790b1bbc73bd55427c7348
[2026-01-13 04:08:59,219 I 1426 2140] core_worker.cc:5107: Number of alive nodes:1
[2026-01-13 04:09:09,175 I 1426 2140] accessor.cc:768: Received notification for node, IsAlive = 0 node_id=a1a81868503cfc2236cd7020faf94b967e790b1bbc73bd55427c7348
[2026-01-13 04:09:09,175 I 1426 2140] core_worker.cc:625: Node failure. All objects pinned on that node will be lost if object reconstruction is not enabled. node_id=a1a81868503cfc2236cd7020faf94b967e790b1bbc73bd55427c7348
[2026-01-13 04:09:09,224 W 1426 2135] metric_exporter.cc:105: [1] Export metrics to agent failed: RpcError: RPC Error message: failed to connect to all addresses; last error: UNKNOWN: ipv4:127.0.0.1:53350: Failed to connect to remote host: Connection refused; RPC Error details:  rpc_code: 14. This won't affect Ray, but you can lose metrics from the cluster.
[2026-01-13 04:09:09,289 I 1426 2140] raylet_client.cc:281: Error reporting task backlog information: RpcError: RPC Error message: Cancelling all calls; RPC Error details:  rpc_code: 14
