[2026-01-13 04:08:59,292 I 1439 1439] core_worker_process.cc:192: Constructing CoreWorkerProcess. pid: 1439
[2026-01-13 04:08:59,293 I 1439 1439] io_service_pool.cc:36: IOServicePool is running with 1 io_service.
[2026-01-13 04:08:59,294 I 1439 1439] grpc_server.cc:141: worker server started, listening on port 44995.
[2026-01-13 04:08:59,294 I 1439 1439] core_worker.cc:542: Initializing worker at address: 10.105.17.31:44995 worker_id=1c22ad937412c0a1007639ebb1209b73cbe0f4cef0763730c67c91e0 node_id=a1a81868503cfc2236cd7020faf94b967e790b1bbc73bd55427c7348
[2026-01-13 04:08:59,295 I 1439 1439] task_event_buffer.cc:287: Reporting task events to GCS every 1000ms.
[2026-01-13 04:08:59,295 I 1439 1439] core_worker.cc:967: Adjusted worker niceness to 15
[2026-01-13 04:08:59,295 I 1439 1439] event.cc:500: Ray Event initialized for CORE_WORKER
[2026-01-13 04:08:59,295 I 1439 1439] event.cc:500: Ray Event initialized for EXPORT_TASK
[2026-01-13 04:08:59,295 I 1439 1439] event.cc:331: Set ray event level to warning
[2026-01-13 04:08:59,295 I 1439 2984] core_worker.cc:902: Event stats:


Global stats: 15 total (9 active)
Queueing time: mean = 4.215 us, max = 47.489 us, min = 4.236 us, total = 63.224 us
Execution time:  mean = 36.576 us, total = 548.646 us
Event stats:
	PeriodicalRunner.RunFnPeriodically - 7 total (5 active, 1 running), Execution time: mean = 2.306 us, total = 16.145 us, Queueing time: mean = 7.389 us, max = 47.489 us, min = 4.236 us, total = 51.725 us
	CoreWorker.ExitIfParentRayletDies - 1 total (1 active), Execution time: mean = 0.000 s, total = 0.000 s, Queueing time: mean = 0.000 s, max = -0.000 s, min = 9223372036.855 s, total = 0.000 s
	ray::rpc::InternalPubSubGcsService.grpc_client.GcsSubscriberCommandBatch.OnReplyReceived - 1 total (0 active), Execution time: mean = 68.760 us, total = 68.760 us, Queueing time: mean = 6.487 us, max = 6.487 us, min = 6.487 us, total = 6.487 us
	ray::rpc::WorkerInfoGcsService.grpc_client.AddWorkerInfo - 1 total (0 active), Execution time: mean = 218.452 us, total = 218.452 us, Queueing time: mean = 0.000 s, max = -0.000 s, min = 9223372036.855 s, total = 0.000 s
	Publisher.CheckDeadSubscribers - 1 total (1 active), Execution time: mean = 0.000 s, total = 0.000 s, Queueing time: mean = 0.000 s, max = -0.000 s, min = 9223372036.855 s, total = 0.000 s
	ray::rpc::NodeInfoGcsService.grpc_client.GetAllNodeInfo - 1 total (1 active), Execution time: mean = 0.000 s, total = 0.000 s, Queueing time: mean = 0.000 s, max = -0.000 s, min = 9223372036.855 s, total = 0.000 s
	ray::rpc::WorkerInfoGcsService.grpc_client.AddWorkerInfo.OnReplyReceived - 1 total (0 active), Execution time: mean = 12.655 us, total = 12.655 us, Queueing time: mean = 5.012 us, max = 5.012 us, min = 5.012 us, total = 5.012 us
	ray::rpc::InternalPubSubGcsService.grpc_client.GcsSubscriberCommandBatch - 1 total (0 active), Execution time: mean = 232.634 us, total = 232.634 us, Queueing time: mean = 0.000 s, max = -0.000 s, min = 9223372036.855 s, total = 0.000 s
	ray::rpc::InternalPubSubGcsService.grpc_client.GcsSubscriberPoll - 1 total (1 active), Execution time: mean = 0.000 s, total = 0.000 s, Queueing time: mean = 0.000 s, max = -0.000 s, min = 9223372036.855 s, total = 0.000 s

-----------------
Task execution event stats:

Global stats: 0 total (0 active)
Queueing time: mean = -nan s, max = -0.000 s, min = 9223372036.855 s, total = 0.000 s
Execution time:  mean = -nan s, total = 0.000 s
Event stats:

-----------------
Task Event stats:

IO Service Stats:

Global stats: 4 total (1 active)
Queueing time: mean = 2.687 us, max = 6.596 us, min = 4.152 us, total = 10.748 us
Execution time:  mean = 80.437 us, total = 321.748 us
Event stats:
	ray::rpc::TaskInfoGcsService.grpc_client.AddTaskEventData.OnReplyReceived - 1 total (0 active), Execution time: mean = 10.811 us, total = 10.811 us, Queueing time: mean = 6.596 us, max = 6.596 us, min = 6.596 us, total = 6.596 us
	ray::rpc::TaskInfoGcsService.grpc_client.AddTaskEventData - 1 total (0 active), Execution time: mean = 243.350 us, total = 243.350 us, Queueing time: mean = 0.000 s, max = -0.000 s, min = 9223372036.855 s, total = 0.000 s
	CoreWorker.deadline_timer.flush_task_events - 1 total (1 active), Execution time: mean = 0.000 s, total = 0.000 s, Queueing time: mean = 0.000 s, max = -0.000 s, min = 9223372036.855 s, total = 0.000 s
	PeriodicalRunner.RunFnPeriodically - 1 total (0 active), Execution time: mean = 67.587 us, total = 67.587 us, Queueing time: mean = 4.152 us, max = 4.152 us, min = 4.152 us, total = 4.152 us
Other Stats:
	grpc_in_progress:0
	current number of task status events in buffer: 0
	current number of profile events in buffer: 0
	current number of dropped task attempts tracked: 0
	total task events sent: 0 MiB
	total number of task attempts sent: 0
	total number of task attempts dropped reported: 0
	total number of sent failure: 0
	num status task events dropped: 0
	num profile task events dropped: 0


[2026-01-13 04:08:59,295 I 1439 2984] accessor.cc:768: Received notification for node, IsAlive = 1 node_id=a1a81868503cfc2236cd7020faf94b967e790b1bbc73bd55427c7348
[2026-01-13 04:08:59,295 I 1439 2984] core_worker.cc:5107: Number of alive nodes:1
[2026-01-13 04:09:09,175 I 1439 2984] accessor.cc:768: Received notification for node, IsAlive = 0 node_id=a1a81868503cfc2236cd7020faf94b967e790b1bbc73bd55427c7348
[2026-01-13 04:09:09,175 I 1439 2984] core_worker.cc:625: Node failure. All objects pinned on that node will be lost if object reconstruction is not enabled. node_id=a1a81868503cfc2236cd7020faf94b967e790b1bbc73bd55427c7348
