[2026-01-13 04:08:59,310 I 1431 1431] core_worker_process.cc:192: Constructing CoreWorkerProcess. pid: 1431
[2026-01-13 04:08:59,311 I 1431 1431] io_service_pool.cc:36: IOServicePool is running with 1 io_service.
[2026-01-13 04:08:59,312 I 1431 1431] grpc_server.cc:141: worker server started, listening on port 33781.
[2026-01-13 04:08:59,312 I 1431 1431] core_worker.cc:542: Initializing worker at address: 10.105.17.31:33781 worker_id=21a5df1dee2296f93197c0029d3f60ccab935fcd04d94771c49de31a node_id=a1a81868503cfc2236cd7020faf94b967e790b1bbc73bd55427c7348
[2026-01-13 04:08:59,312 I 1431 1431] task_event_buffer.cc:287: Reporting task events to GCS every 1000ms.
[2026-01-13 04:08:59,312 I 1431 1431] core_worker.cc:967: Adjusted worker niceness to 15
[2026-01-13 04:08:59,313 I 1431 1431] event.cc:500: Ray Event initialized for CORE_WORKER
[2026-01-13 04:08:59,313 I 1431 3018] core_worker.cc:902: Event stats:


Global stats: 11 total (7 active)
Queueing time: mean = 3.643 us, max = 34.592 us, min = 2.489 us, total = 40.074 us
Execution time:  mean = 19.001 us, total = 209.010 us
Event stats:
	PeriodicalRunner.RunFnPeriodically - 5 total (3 active, 1 running), Execution time: mean = 3.319 us, total = 16.593 us, Queueing time: mean = 7.416 us, max = 34.592 us, min = 2.489 us, total = 37.081 us
	Publisher.CheckDeadSubscribers - 1 total (1 active), Execution time: mean = 0.000 s, total = 0.000 s, Queueing time: mean = 0.000 s, max = -0.000 s, min = 9223372036.855 s, total = 0.000 s
	ray::rpc::WorkerInfoGcsService.grpc_client.AddWorkerInfo.OnReplyReceived - 1 total (0 active), Execution time: mean = 15.405 us, total = 15.405 us, Queueing time: mean = 2.993 us, max = 2.993 us, min = 2.993 us, total = 2.993 us
	ray::rpc::InternalPubSubGcsService.grpc_client.GcsSubscriberCommandBatch - 1 total (1 active), Execution time: mean = 0.000 s, total = 0.000 s, Queueing time: mean = 0.000 s, max = -0.000 s, min = 9223372036.855 s, total = 0.000 s
	ray::rpc::InternalPubSubGcsService.grpc_client.GcsSubscriberPoll - 1 total (1 active), Execution time: mean = 0.000 s, total = 0.000 s, Queueing time: mean = 0.000 s, max = -0.000 s, min = 9223372036.855 s, total = 0.000 s
	ray::rpc::WorkerInfoGcsService.grpc_client.AddWorkerInfo - 1 total (0 active), Execution time: mean = 177.012 us, total = 177.012 us, Queueing time: mean = 0.000 s, max = -0.000 s, min = 9223372036.855 s, total = 0.000 s
	CoreWorker.ExitIfParentRayletDies - 1 total (1 active), Execution time: mean = 0.000 s, total = 0.000 s, Queueing time: mean = 0.000 s, max = -0.000 s, min = 9223372036.855 s, total = 0.000 s

-----------------
Task execution event stats:

Global stats: 0 total (0 active)
Queueing time: mean = -nan s, max = -0.000 s, min = 9223372036.855 s, total = 0.000 s
Execution time:  mean = -nan s, total = 0.000 s
Event stats:

-----------------
Task Event stats:

IO Service Stats:

Global stats: 3 total (2 active)
Queueing time: mean = 1.288 us, max = 3.864 us, min = 3.864 us, total = 3.864 us
Execution time:  mean = 27.065 us, total = 81.196 us
Event stats:
	ray::rpc::TaskInfoGcsService.grpc_client.AddTaskEventData - 1 total (1 active), Execution time: mean = 0.000 s, total = 0.000 s, Queueing time: mean = 0.000 s, max = -0.000 s, min = 9223372036.855 s, total = 0.000 s
	CoreWorker.deadline_timer.flush_task_events - 1 total (1 active), Execution time: mean = 0.000 s, total = 0.000 s, Queueing time: mean = 0.000 s, max = -0.000 s, min = 9223372036.855 s, total = 0.000 s
	PeriodicalRunner.RunFnPeriodically - 1 total (0 active), Execution time: mean = 81.196 us, total = 81.196 us, Queueing time: mean = 3.864 us, max = 3.864 us, min = 3.864 us, total = 3.864 us
Other Stats:
	grpc_in_progress:1
	current number of task status events in buffer: 0
	current number of profile events in buffer: 0
	current number of dropped task attempts tracked: 0
	total task events sent: 0 MiB
	total number of task attempts sent: 0
	total number of task attempts dropped reported: 0
	total number of sent failure: 0
	num status task events dropped: 0
	num profile task events dropped: 0


[2026-01-13 04:08:59,313 I 1431 1431] event.cc:500: Ray Event initialized for EXPORT_TASK
[2026-01-13 04:08:59,313 I 1431 1431] event.cc:331: Set ray event level to warning
[2026-01-13 04:08:59,313 I 1431 3018] accessor.cc:768: Received notification for node, IsAlive = 1 node_id=a1a81868503cfc2236cd7020faf94b967e790b1bbc73bd55427c7348
[2026-01-13 04:08:59,313 I 1431 3018] core_worker.cc:5107: Number of alive nodes:1
[2026-01-13 04:09:09,175 I 1431 3018] accessor.cc:768: Received notification for node, IsAlive = 0 node_id=a1a81868503cfc2236cd7020faf94b967e790b1bbc73bd55427c7348
[2026-01-13 04:09:09,175 I 1431 3018] core_worker.cc:625: Node failure. All objects pinned on that node will be lost if object reconstruction is not enabled. node_id=a1a81868503cfc2236cd7020faf94b967e790b1bbc73bd55427c7348
