[2026-01-13 04:08:59,408 I 1448 1448] core_worker_process.cc:192: Constructing CoreWorkerProcess. pid: 1448
[2026-01-13 04:08:59,409 I 1448 1448] io_service_pool.cc:36: IOServicePool is running with 1 io_service.
[2026-01-13 04:08:59,410 I 1448 1448] grpc_server.cc:141: worker server started, listening on port 38729.
[2026-01-13 04:08:59,410 I 1448 1448] core_worker.cc:542: Initializing worker at address: 10.105.17.31:38729 worker_id=2b1a24972a62373a116facd05a92a3735a3a8b25385494ee4d79cc7d node_id=a1a81868503cfc2236cd7020faf94b967e790b1bbc73bd55427c7348
[2026-01-13 04:08:59,410 I 1448 1448] task_event_buffer.cc:287: Reporting task events to GCS every 1000ms.
[2026-01-13 04:08:59,411 I 1448 1448] core_worker.cc:967: Adjusted worker niceness to 15
[2026-01-13 04:08:59,411 I 1448 3214] core_worker.cc:902: Event stats:


Global stats: 9 total (5 active)
Queueing time: mean = 4.876 us, max = 30.085 us, min = 3.379 us, total = 43.887 us
Execution time:  mean = 20.252 us, total = 182.269 us
Event stats:
	PeriodicalRunner.RunFnPeriodically - 3 total (1 active, 1 running), Execution time: mean = 4.963 us, total = 14.888 us, Queueing time: mean = 13.503 us, max = 30.085 us, min = 10.423 us, total = 40.508 us
	ray::rpc::InternalPubSubGcsService.grpc_client.GcsSubscriberPoll - 1 total (1 active), Execution time: mean = 0.000 s, total = 0.000 s, Queueing time: mean = 0.000 s, max = -0.000 s, min = 9223372036.855 s, total = 0.000 s
	CoreWorker.ExitIfParentRayletDies - 1 total (1 active), Execution time: mean = 0.000 s, total = 0.000 s, Queueing time: mean = 0.000 s, max = -0.000 s, min = 9223372036.855 s, total = 0.000 s
	Publisher.CheckDeadSubscribers - 1 total (1 active), Execution time: mean = 0.000 s, total = 0.000 s, Queueing time: mean = 0.000 s, max = -0.000 s, min = 9223372036.855 s, total = 0.000 s
	ray::rpc::InternalPubSubGcsService.grpc_client.GcsSubscriberCommandBatch - 1 total (1 active), Execution time: mean = 0.000 s, total = 0.000 s, Queueing time: mean = 0.000 s, max = -0.000 s, min = 9223372036.855 s, total = 0.000 s
	ray::rpc::WorkerInfoGcsService.grpc_client.AddWorkerInfo - 1 total (0 active), Execution time: mean = 156.172 us, total = 156.172 us, Queueing time: mean = 0.000 s, max = -0.000 s, min = 9223372036.855 s, total = 0.000 s
	ray::rpc::WorkerInfoGcsService.grpc_client.AddWorkerInfo.OnReplyReceived - 1 total (0 active), Execution time: mean = 11.209 us, total = 11.209 us, Queueing time: mean = 3.379 us, max = 3.379 us, min = 3.379 us, total = 3.379 us

-----------------
Task execution event stats:

Global stats: 0 total (0 active)
Queueing time: mean = -nan s, max = -0.000 s, min = 9223372036.855 s, total = 0.000 s
Execution time:  mean = -nan s, total = 0.000 s
Event stats:

-----------------
Task Event stats:

IO Service Stats:

Global stats: 3 total (2 active)
Queueing time: mean = 1.193 us, max = 3.578 us, min = 3.578 us, total = 3.578 us
Execution time:  mean = 33.008 us, total = 99.025 us
Event stats:
	PeriodicalRunner.RunFnPeriodically - 1 total (0 active), Execution time: mean = 99.025 us, total = 99.025 us, Queueing time: mean = 3.578 us, max = 3.578 us, min = 3.578 us, total = 3.578 us
	CoreWorker.deadline_timer.flush_task_events - 1 total (1 active), Execution time: mean = 0.000 s, total = 0.000 s, Queueing time: mean = 0.000 s, max = -0.000 s, min = 9223372036.855 s, total = 0.000 s
	ray::rpc::TaskInfoGcsService.grpc_client.AddTaskEventData - 1 total (1 active), Execution time: mean = 0.000 s, total = 0.000 s, Queueing time: mean = 0.000 s, max = -0.000 s, min = 9223372036.855 s, total = 0.000 s
Other Stats:
	grpc_in_progress:1
	current number of task status events in buffer: 0
	current number of profile events in buffer: 0
	current number of dropped task attempts tracked: 0
	total task events sent: 0 MiB
	total number of task attempts sent: 0
	total number of task attempts dropped reported: 0
	total number of sent failure: 0
	num status task events dropped: 0
	num profile task events dropped: 0


[2026-01-13 04:08:59,411 I 1448 1448] event.cc:500: Ray Event initialized for CORE_WORKER
[2026-01-13 04:08:59,411 I 1448 1448] event.cc:500: Ray Event initialized for EXPORT_TASK
[2026-01-13 04:08:59,411 I 1448 1448] event.cc:331: Set ray event level to warning
[2026-01-13 04:08:59,411 I 1448 3214] accessor.cc:768: Received notification for node, IsAlive = 1 node_id=a1a81868503cfc2236cd7020faf94b967e790b1bbc73bd55427c7348
[2026-01-13 04:08:59,411 I 1448 3214] core_worker.cc:5107: Number of alive nodes:1
[2026-01-13 04:09:09,175 I 1448 3214] accessor.cc:768: Received notification for node, IsAlive = 0 node_id=a1a81868503cfc2236cd7020faf94b967e790b1bbc73bd55427c7348
[2026-01-13 04:09:09,175 I 1448 3214] core_worker.cc:625: Node failure. All objects pinned on that node will be lost if object reconstruction is not enabled. node_id=a1a81868503cfc2236cd7020faf94b967e790b1bbc73bd55427c7348
