[2026-01-13 04:08:59,235 I 1447 1447] core_worker_process.cc:192: Constructing CoreWorkerProcess. pid: 1447
[2026-01-13 04:08:59,236 I 1447 1447] io_service_pool.cc:36: IOServicePool is running with 1 io_service.
[2026-01-13 04:08:59,238 I 1447 1447] grpc_server.cc:141: worker server started, listening on port 39477.
[2026-01-13 04:08:59,238 I 1447 1447] core_worker.cc:542: Initializing worker at address: 10.105.17.31:39477 worker_id=90da2d9c670e7dd22765e6068e2066bd16f2f72f65e2c1473b751eb1 node_id=a1a81868503cfc2236cd7020faf94b967e790b1bbc73bd55427c7348
[2026-01-13 04:08:59,238 I 1447 1447] task_event_buffer.cc:287: Reporting task events to GCS every 1000ms.
[2026-01-13 04:08:59,239 I 1447 1447] core_worker.cc:967: Adjusted worker niceness to 15
[2026-01-13 04:08:59,239 I 1447 1447] event.cc:500: Ray Event initialized for CORE_WORKER
[2026-01-13 04:08:59,239 I 1447 1447] event.cc:500: Ray Event initialized for EXPORT_TASK
[2026-01-13 04:08:59,239 I 1447 1447] event.cc:331: Set ray event level to warning
[2026-01-13 04:08:59,239 I 1447 2446] core_worker.cc:902: Event stats:


Global stats: 15 total (9 active)
Queueing time: mean = 4.505 us, max = 48.403 us, min = 3.758 us, total = 67.574 us
Execution time:  mean = 32.616 us, total = 489.244 us
Event stats:
	PeriodicalRunner.RunFnPeriodically - 7 total (5 active, 1 running), Execution time: mean = 2.382 us, total = 16.675 us, Queueing time: mean = 7.452 us, max = 48.403 us, min = 3.758 us, total = 52.161 us
	Publisher.CheckDeadSubscribers - 1 total (1 active), Execution time: mean = 0.000 s, total = 0.000 s, Queueing time: mean = 0.000 s, max = -0.000 s, min = 9223372036.855 s, total = 0.000 s
	CoreWorker.ExitIfParentRayletDies - 1 total (1 active), Execution time: mean = 0.000 s, total = 0.000 s, Queueing time: mean = 0.000 s, max = -0.000 s, min = 9223372036.855 s, total = 0.000 s
	ray::rpc::WorkerInfoGcsService.grpc_client.AddWorkerInfo - 1 total (0 active), Execution time: mean = 208.400 us, total = 208.400 us, Queueing time: mean = 0.000 s, max = -0.000 s, min = 9223372036.855 s, total = 0.000 s
	ray::rpc::InternalPubSubGcsService.grpc_client.GcsSubscriberPoll - 1 total (1 active), Execution time: mean = 0.000 s, total = 0.000 s, Queueing time: mean = 0.000 s, max = -0.000 s, min = 9223372036.855 s, total = 0.000 s
	ray::rpc::InternalPubSubGcsService.grpc_client.GcsSubscriberCommandBatch - 1 total (0 active), Execution time: mean = 193.707 us, total = 193.707 us, Queueing time: mean = 0.000 s, max = -0.000 s, min = 9223372036.855 s, total = 0.000 s
	ray::rpc::NodeInfoGcsService.grpc_client.GetAllNodeInfo - 1 total (1 active), Execution time: mean = 0.000 s, total = 0.000 s, Queueing time: mean = 0.000 s, max = -0.000 s, min = 9223372036.855 s, total = 0.000 s
	ray::rpc::InternalPubSubGcsService.grpc_client.GcsSubscriberCommandBatch.OnReplyReceived - 1 total (0 active), Execution time: mean = 56.098 us, total = 56.098 us, Queueing time: mean = 6.776 us, max = 6.776 us, min = 6.776 us, total = 6.776 us
	ray::rpc::WorkerInfoGcsService.grpc_client.AddWorkerInfo.OnReplyReceived - 1 total (0 active), Execution time: mean = 14.364 us, total = 14.364 us, Queueing time: mean = 8.637 us, max = 8.637 us, min = 8.637 us, total = 8.637 us

-----------------
Task execution event stats:

Global stats: 0 total (0 active)
Queueing time: mean = -nan s, max = -0.000 s, min = 9223372036.855 s, total = 0.000 s
Execution time:  mean = -nan s, total = 0.000 s
Event stats:

-----------------
Task Event stats:

IO Service Stats:

Global stats: 4 total (1 active)
Queueing time: mean = 2.669 us, max = 5.612 us, min = 5.064 us, total = 10.676 us
Execution time:  mean = 83.345 us, total = 333.381 us
Event stats:
	CoreWorker.deadline_timer.flush_task_events - 1 total (1 active), Execution time: mean = 0.000 s, total = 0.000 s, Queueing time: mean = 0.000 s, max = -0.000 s, min = 9223372036.855 s, total = 0.000 s
	ray::rpc::TaskInfoGcsService.grpc_client.AddTaskEventData - 1 total (0 active), Execution time: mean = 221.706 us, total = 221.706 us, Queueing time: mean = 0.000 s, max = -0.000 s, min = 9223372036.855 s, total = 0.000 s
	PeriodicalRunner.RunFnPeriodically - 1 total (0 active), Execution time: mean = 103.665 us, total = 103.665 us, Queueing time: mean = 5.064 us, max = 5.064 us, min = 5.064 us, total = 5.064 us
	ray::rpc::TaskInfoGcsService.grpc_client.AddTaskEventData.OnReplyReceived - 1 total (0 active), Execution time: mean = 8.010 us, total = 8.010 us, Queueing time: mean = 5.612 us, max = 5.612 us, min = 5.612 us, total = 5.612 us
Other Stats:
	grpc_in_progress:0
	current number of task status events in buffer: 0
	current number of profile events in buffer: 0
	current number of dropped task attempts tracked: 0
	total task events sent: 0 MiB
	total number of task attempts sent: 0
	total number of task attempts dropped reported: 0
	total number of sent failure: 0
	num status task events dropped: 0
	num profile task events dropped: 0


[2026-01-13 04:08:59,239 I 1447 2446] accessor.cc:768: Received notification for node, IsAlive = 1 node_id=a1a81868503cfc2236cd7020faf94b967e790b1bbc73bd55427c7348
[2026-01-13 04:08:59,239 I 1447 2446] core_worker.cc:5107: Number of alive nodes:1
[2026-01-13 04:09:09,176 I 1447 2446] accessor.cc:768: Received notification for node, IsAlive = 0 node_id=a1a81868503cfc2236cd7020faf94b967e790b1bbc73bd55427c7348
[2026-01-13 04:09:09,176 I 1447 2446] core_worker.cc:625: Node failure. All objects pinned on that node will be lost if object reconstruction is not enabled. node_id=a1a81868503cfc2236cd7020faf94b967e790b1bbc73bd55427c7348
[2026-01-13 04:09:09,245 W 1447 2439] metric_exporter.cc:105: [1] Export metrics to agent failed: RpcError: RPC Error message: failed to connect to all addresses; last error: UNKNOWN: ipv4:127.0.0.1:53350: Failed to connect to remote host: Connection refused; RPC Error details:  rpc_code: 14. This won't affect Ray, but you can lose metrics from the cluster.
[2026-01-13 04:09:09,288 I 1447 2446] raylet_client.cc:281: Error reporting task backlog information: RpcError: RPC Error message: Cancelling all calls; RPC Error details:  rpc_code: 14
