[2026-01-13 04:09:01,208 I 3401 3401] core_worker_process.cc:192: Constructing CoreWorkerProcess. pid: 3401
[2026-01-13 04:09:01,209 I 3401 3401] io_service_pool.cc:36: IOServicePool is running with 1 io_service.
[2026-01-13 04:09:01,210 I 3401 3401] grpc_server.cc:141: worker server started, listening on port 39243.
[2026-01-13 04:09:01,211 I 3401 3401] core_worker.cc:542: Initializing worker at address: 10.105.17.31:39243 worker_id=33b73cb85dca6ce11df49e1874b8df2f87d8ac2c1330283088aa5113 node_id=a1a81868503cfc2236cd7020faf94b967e790b1bbc73bd55427c7348
[2026-01-13 04:09:01,211 I 3401 3401] task_event_buffer.cc:287: Reporting task events to GCS every 1000ms.
[2026-01-13 04:09:01,211 I 3401 3401] core_worker.cc:967: Adjusted worker niceness to 15
[2026-01-13 04:09:01,212 I 3401 3454] core_worker.cc:902: Event stats:


Global stats: 11 total (5 active)
Queueing time: mean = 5.473 us, max = 45.051 us, min = 3.360 us, total = 60.208 us
Execution time:  mean = 45.638 us, total = 502.022 us
Event stats:
	PeriodicalRunner.RunFnPeriodically - 3 total (1 active, 1 running), Execution time: mean = 5.169 us, total = 15.507 us, Queueing time: mean = 16.137 us, max = 45.051 us, min = 3.360 us, total = 48.411 us
	ray::rpc::InternalPubSubGcsService.grpc_client.GcsSubscriberCommandBatch - 1 total (0 active), Execution time: mean = 180.284 us, total = 180.284 us, Queueing time: mean = 0.000 s, max = -0.000 s, min = 9223372036.855 s, total = 0.000 s
	ray::rpc::NodeInfoGcsService.grpc_client.GetAllNodeInfo - 1 total (1 active), Execution time: mean = 0.000 s, total = 0.000 s, Queueing time: mean = 0.000 s, max = -0.000 s, min = 9223372036.855 s, total = 0.000 s
	ray::rpc::InternalPubSubGcsService.grpc_client.GcsSubscriberPoll - 1 total (1 active), Execution time: mean = 0.000 s, total = 0.000 s, Queueing time: mean = 0.000 s, max = -0.000 s, min = 9223372036.855 s, total = 0.000 s
	ray::rpc::WorkerInfoGcsService.grpc_client.AddWorkerInfo - 1 total (0 active), Execution time: mean = 227.042 us, total = 227.042 us, Queueing time: mean = 0.000 s, max = -0.000 s, min = 9223372036.855 s, total = 0.000 s
	ray::rpc::WorkerInfoGcsService.grpc_client.AddWorkerInfo.OnReplyReceived - 1 total (0 active), Execution time: mean = 13.187 us, total = 13.187 us, Queueing time: mean = 5.945 us, max = 5.945 us, min = 5.945 us, total = 5.945 us
	Publisher.CheckDeadSubscribers - 1 total (1 active), Execution time: mean = 0.000 s, total = 0.000 s, Queueing time: mean = 0.000 s, max = -0.000 s, min = 9223372036.855 s, total = 0.000 s
	CoreWorker.ExitIfParentRayletDies - 1 total (1 active), Execution time: mean = 0.000 s, total = 0.000 s, Queueing time: mean = 0.000 s, max = -0.000 s, min = 9223372036.855 s, total = 0.000 s
	ray::rpc::InternalPubSubGcsService.grpc_client.GcsSubscriberCommandBatch.OnReplyReceived - 1 total (0 active), Execution time: mean = 66.002 us, total = 66.002 us, Queueing time: mean = 5.852 us, max = 5.852 us, min = 5.852 us, total = 5.852 us

-----------------
Task execution event stats:

Global stats: 0 total (0 active)
Queueing time: mean = -nan s, max = -0.000 s, min = 9223372036.855 s, total = 0.000 s
Execution time:  mean = -nan s, total = 0.000 s
Event stats:

-----------------
Task Event stats:

IO Service Stats:

Global stats: 4 total (1 active)
Queueing time: mean = 2.142 us, max = 4.766 us, min = 3.802 us, total = 8.568 us
Execution time:  mean = 70.439 us, total = 281.756 us
Event stats:
	PeriodicalRunner.RunFnPeriodically - 1 total (0 active), Execution time: mean = 61.056 us, total = 61.056 us, Queueing time: mean = 3.802 us, max = 3.802 us, min = 3.802 us, total = 3.802 us
	ray::rpc::TaskInfoGcsService.grpc_client.AddTaskEventData.OnReplyReceived - 1 total (0 active), Execution time: mean = 9.539 us, total = 9.539 us, Queueing time: mean = 4.766 us, max = 4.766 us, min = 4.766 us, total = 4.766 us
	CoreWorker.deadline_timer.flush_task_events - 1 total (1 active), Execution time: mean = 0.000 s, total = 0.000 s, Queueing time: mean = 0.000 s, max = -0.000 s, min = 9223372036.855 s, total = 0.000 s
	ray::rpc::TaskInfoGcsService.grpc_client.AddTaskEventData - 1 total (0 active), Execution time: mean = 211.161 us, total = 211.161 us, Queueing time: mean = 0.000 s, max = -0.000 s, min = 9223372036.855 s, total = 0.000 s
Other Stats:
	grpc_in_progress:0
	current number of task status events in buffer: 0
	current number of profile events in buffer: 0
	current number of dropped task attempts tracked: 0
	total task events sent: 0 MiB
	total number of task attempts sent: 0
	total number of task attempts dropped reported: 0
	total number of sent failure: 0
	num status task events dropped: 0
	num profile task events dropped: 0


[2026-01-13 04:09:01,212 I 3401 3401] event.cc:500: Ray Event initialized for CORE_WORKER
[2026-01-13 04:09:01,212 I 3401 3401] event.cc:500: Ray Event initialized for EXPORT_TASK
[2026-01-13 04:09:01,212 I 3401 3401] event.cc:331: Set ray event level to warning
[2026-01-13 04:09:01,212 I 3401 3454] accessor.cc:768: Received notification for node, IsAlive = 1 node_id=a1a81868503cfc2236cd7020faf94b967e790b1bbc73bd55427c7348
[2026-01-13 04:09:01,212 I 3401 3454] core_worker.cc:5107: Number of alive nodes:1
[2026-01-13 04:09:01,213 I 3401 3401] actor_task_submitter.cc:73: Set actor max pending calls to -1 actor_id=3ef896d55876874105bf03d901000000
[2026-01-13 04:09:01,213 I 3401 3401] core_worker.cc:3370: Creating actor actor_id=3ef896d55876874105bf03d901000000
[2026-01-13 04:09:04,416 I 3401 3401] actor_task_submitter.cc:73: Set actor max pending calls to 0 actor_id=3050862d1129f1777b44752001000000
[2026-01-13 04:09:04,417 I 3401 3454] actor_manager.cc:218: received notification on actor, state: ALIVE, ip address: 10.105.17.31, port: 43967, num_restarts: 0, death context type=CONTEXT_NOT_SET actor_id=3050862d1129f1777b44752001000000 worker_id=56d932d3d47f3714df1dea7b0de86e9f0cbf1cbd8194002ad8c7124a node_id=a1a81868503cfc2236cd7020faf94b967e790b1bbc73bd55427c7348
[2026-01-13 04:09:04,421 I 3401 3401] actor_task_submitter.cc:73: Set actor max pending calls to 0 actor_id=3ef896d55876874105bf03d901000000
[2026-01-13 04:09:04,422 I 3401 3401] actor_task_submitter.cc:73: Set actor max pending calls to 0 actor_id=763f7e79f2550089717602c801000000
[2026-01-13 04:09:04,423 I 3401 3454] actor_manager.cc:218: received notification on actor, state: ALIVE, ip address: 10.105.17.31, port: 35059, num_restarts: 0, death context type=CONTEXT_NOT_SET actor_id=763f7e79f2550089717602c801000000 worker_id=6e8b26cd91a3f3219fa63468f06ddb38bfcef5f00deb9df89468ee2c node_id=a1a81868503cfc2236cd7020faf94b967e790b1bbc73bd55427c7348
[2026-01-13 04:09:04,424 I 3401 3401] actor_task_submitter.cc:73: Set actor max pending calls to 0 actor_id=05268a6b4b6f00c2f2a67db701000000
[2026-01-13 04:09:04,427 I 3401 3401] actor_task_submitter.cc:73: Set actor max pending calls to 0 actor_id=a07efcebda3b79ebee44a77d01000000
[2026-01-13 04:09:04,427 I 3401 3401] task_receiver.cc:175: Actor creation task finished, task_id: ffffffffffffffff3ef896d55876874105bf03d901000000, actor_id: 3ef896d55876874105bf03d901000000, actor_repr_name: 
[2026-01-13 04:09:07,688 I 3401 3454] actor_manager.cc:218: received notification on actor, state: DEAD, ip address: 10.105.17.31, port: 43967, num_restarts: 0, death context type=ActorDiedErrorContext actor_id=3050862d1129f1777b44752001000000 worker_id=56d932d3d47f3714df1dea7b0de86e9f0cbf1cbd8194002ad8c7124a node_id=a1a81868503cfc2236cd7020faf94b967e790b1bbc73bd55427c7348
[2026-01-13 04:09:07,688 I 3401 3454] actor_task_submitter.cc:417: Failing pending tasks for actor because the actor is already dead. actor_id=3050862d1129f1777b44752001000000
[2026-01-13 04:09:07,689 I 3401 3454] core_worker.cc:4542: Force kill actor request has received. exiting immediately... The actor is dead because it was killed by `ray.kill`.
[2026-01-13 04:09:07,689 W 3401 3454] core_worker.cc:1253: Force exit the process.  Details: Worker exits because the actor is killed. The actor is dead because it was killed by `ray.kill`.
[2026-01-13 04:09:07,691 I 3401 3454] core_worker.cc:1134: Try killing all child processes of this worker as it exits. Child process pids: 3728
[2026-01-13 04:09:07,691 I 3401 3454] core_worker.cc:1143: Kill result for child pid 3728: Success, bool 0
[2026-01-13 04:09:07,691 I 3401 3454] core_worker.cc:1088: Sending disconnect message to the local raylet.
[2026-01-13 04:09:07,691 I 3401 3454] raylet_client.cc:73: RayletClient::Disconnect, exit_type=INTENDED_SYSTEM_EXIT, exit_detail=Worker exits because the actor is killed. The actor is dead because it was killed by `ray.kill`., has creation_task_exception_pb_bytes=0
[2026-01-13 04:09:07,692 I 3401 3454] core_worker.cc:1094: Disconnected from the local raylet.
