[2026-01-13 04:08:59,260 I 1451 1451] core_worker_process.cc:192: Constructing CoreWorkerProcess. pid: 1451
[2026-01-13 04:08:59,261 I 1451 1451] io_service_pool.cc:36: IOServicePool is running with 1 io_service.
[2026-01-13 04:08:59,263 I 1451 1451] grpc_server.cc:141: worker server started, listening on port 41405.
[2026-01-13 04:08:59,263 I 1451 1451] core_worker.cc:542: Initializing worker at address: 10.105.17.31:41405 worker_id=ea32b28b26aba712ac8211c7e0212795e8a64fa27dbe82f834316ebc node_id=a1a81868503cfc2236cd7020faf94b967e790b1bbc73bd55427c7348
[2026-01-13 04:08:59,263 I 1451 1451] task_event_buffer.cc:287: Reporting task events to GCS every 1000ms.
[2026-01-13 04:08:59,264 I 1451 1451] core_worker.cc:967: Adjusted worker niceness to 15
[2026-01-13 04:08:59,264 I 1451 1451] event.cc:500: Ray Event initialized for CORE_WORKER
[2026-01-13 04:08:59,264 I 1451 1451] event.cc:500: Ray Event initialized for EXPORT_TASK
[2026-01-13 04:08:59,264 I 1451 1451] event.cc:331: Set ray event level to warning
[2026-01-13 04:08:59,264 I 1451 2675] core_worker.cc:902: Event stats:


Global stats: 15 total (9 active)
Queueing time: mean = 6.292 us, max = 54.211 us, min = 6.035 us, total = 94.384 us
Execution time:  mean = 37.562 us, total = 563.431 us
Event stats:
	PeriodicalRunner.RunFnPeriodically - 7 total (5 active, 1 running), Execution time: mean = 2.657 us, total = 18.602 us, Queueing time: mean = 8.615 us, max = 54.211 us, min = 6.091 us, total = 60.302 us
	CoreWorker.ExitIfParentRayletDies - 1 total (1 active), Execution time: mean = 0.000 s, total = 0.000 s, Queueing time: mean = 0.000 s, max = -0.000 s, min = 9223372036.855 s, total = 0.000 s
	ray::rpc::InternalPubSubGcsService.grpc_client.GcsSubscriberCommandBatch - 1 total (0 active), Execution time: mean = 238.837 us, total = 238.837 us, Queueing time: mean = 0.000 s, max = -0.000 s, min = 9223372036.855 s, total = 0.000 s
	ray::rpc::InternalPubSubGcsService.grpc_client.GcsSubscriberCommandBatch.OnReplyReceived - 1 total (0 active), Execution time: mean = 74.070 us, total = 74.070 us, Queueing time: mean = 28.047 us, max = 28.047 us, min = 28.047 us, total = 28.047 us
	ray::rpc::NodeInfoGcsService.grpc_client.GetAllNodeInfo - 1 total (1 active), Execution time: mean = 0.000 s, total = 0.000 s, Queueing time: mean = 0.000 s, max = -0.000 s, min = 9223372036.855 s, total = 0.000 s
	ray::rpc::WorkerInfoGcsService.grpc_client.AddWorkerInfo - 1 total (0 active), Execution time: mean = 216.438 us, total = 216.438 us, Queueing time: mean = 0.000 s, max = -0.000 s, min = 9223372036.855 s, total = 0.000 s
	ray::rpc::WorkerInfoGcsService.grpc_client.AddWorkerInfo.OnReplyReceived - 1 total (0 active), Execution time: mean = 15.484 us, total = 15.484 us, Queueing time: mean = 6.035 us, max = 6.035 us, min = 6.035 us, total = 6.035 us
	Publisher.CheckDeadSubscribers - 1 total (1 active), Execution time: mean = 0.000 s, total = 0.000 s, Queueing time: mean = 0.000 s, max = -0.000 s, min = 9223372036.855 s, total = 0.000 s
	ray::rpc::InternalPubSubGcsService.grpc_client.GcsSubscriberPoll - 1 total (1 active), Execution time: mean = 0.000 s, total = 0.000 s, Queueing time: mean = 0.000 s, max = -0.000 s, min = 9223372036.855 s, total = 0.000 s

-----------------
Task execution event stats:

Global stats: 0 total (0 active)
Queueing time: mean = -nan s, max = -0.000 s, min = 9223372036.855 s, total = 0.000 s
Execution time:  mean = -nan s, total = 0.000 s
Event stats:

-----------------
Task Event stats:

IO Service Stats:

Global stats: 4 total (1 active)
Queueing time: mean = 2.150 us, max = 5.100 us, min = 3.498 us, total = 8.598 us
Execution time:  mean = 77.871 us, total = 311.482 us
Event stats:
	CoreWorker.deadline_timer.flush_task_events - 1 total (1 active), Execution time: mean = 0.000 s, total = 0.000 s, Queueing time: mean = 0.000 s, max = -0.000 s, min = 9223372036.855 s, total = 0.000 s
	ray::rpc::TaskInfoGcsService.grpc_client.AddTaskEventData.OnReplyReceived - 1 total (0 active), Execution time: mean = 9.626 us, total = 9.626 us, Queueing time: mean = 5.100 us, max = 5.100 us, min = 5.100 us, total = 5.100 us
	PeriodicalRunner.RunFnPeriodically - 1 total (0 active), Execution time: mean = 65.530 us, total = 65.530 us, Queueing time: mean = 3.498 us, max = 3.498 us, min = 3.498 us, total = 3.498 us
	ray::rpc::TaskInfoGcsService.grpc_client.AddTaskEventData - 1 total (0 active), Execution time: mean = 236.326 us, total = 236.326 us, Queueing time: mean = 0.000 s, max = -0.000 s, min = 9223372036.855 s, total = 0.000 s
Other Stats:
	grpc_in_progress:0
	current number of task status events in buffer: 0
	current number of profile events in buffer: 0
	current number of dropped task attempts tracked: 0
	total task events sent: 0 MiB
	total number of task attempts sent: 0
	total number of task attempts dropped reported: 0
	total number of sent failure: 0
	num status task events dropped: 0
	num profile task events dropped: 0


[2026-01-13 04:08:59,264 I 1451 2675] accessor.cc:768: Received notification for node, IsAlive = 1 node_id=a1a81868503cfc2236cd7020faf94b967e790b1bbc73bd55427c7348
[2026-01-13 04:08:59,264 I 1451 2675] core_worker.cc:5107: Number of alive nodes:1
[2026-01-13 04:09:09,177 I 1451 2675] accessor.cc:768: Received notification for node, IsAlive = 0 node_id=a1a81868503cfc2236cd7020faf94b967e790b1bbc73bd55427c7348
[2026-01-13 04:09:09,177 I 1451 2675] core_worker.cc:625: Node failure. All objects pinned on that node will be lost if object reconstruction is not enabled. node_id=a1a81868503cfc2236cd7020faf94b967e790b1bbc73bd55427c7348
[2026-01-13 04:09:09,269 W 1451 2668] metric_exporter.cc:105: [1] Export metrics to agent failed: RpcError: RPC Error message: failed to connect to all addresses; last error: UNKNOWN: ipv4:127.0.0.1:53350: Failed to connect to remote host: Connection refused; RPC Error details:  rpc_code: 14. This won't affect Ray, but you can lose metrics from the cluster.
[2026-01-13 04:09:09,288 I 1451 2675] raylet_client.cc:281: Error reporting task backlog information: RpcError: RPC Error message: Cancelling all calls; RPC Error details:  rpc_code: 14
