[2026-01-13 04:09:01,251 I 3405 3405] core_worker_process.cc:192: Constructing CoreWorkerProcess. pid: 3405
[2026-01-13 04:09:01,251 I 3405 3405] io_service_pool.cc:36: IOServicePool is running with 1 io_service.
[2026-01-13 04:09:01,253 I 3405 3405] grpc_server.cc:141: worker server started, listening on port 33675.
[2026-01-13 04:09:01,253 I 3405 3405] core_worker.cc:542: Initializing worker at address: 10.105.17.31:33675 worker_id=68a094302707047ba032dad0b6d468df44076b112acba12476e3faa4 node_id=a1a81868503cfc2236cd7020faf94b967e790b1bbc73bd55427c7348
[2026-01-13 04:09:01,254 I 3405 3405] task_event_buffer.cc:287: Reporting task events to GCS every 1000ms.
[2026-01-13 04:09:01,254 I 3405 3405] core_worker.cc:967: Adjusted worker niceness to 15
[2026-01-13 04:09:01,254 I 3405 3564] core_worker.cc:902: Event stats:


Global stats: 15 total (9 active)
Queueing time: mean = 3.924 us, max = 41.976 us, min = 3.524 us, total = 58.865 us
Execution time:  mean = 33.839 us, total = 507.585 us
Event stats:
	PeriodicalRunner.RunFnPeriodically - 7 total (5 active, 1 running), Execution time: mean = 2.428 us, total = 16.998 us, Queueing time: mean = 6.500 us, max = 41.976 us, min = 3.524 us, total = 45.500 us
	Publisher.CheckDeadSubscribers - 1 total (1 active), Execution time: mean = 0.000 s, total = 0.000 s, Queueing time: mean = 0.000 s, max = -0.000 s, min = 9223372036.855 s, total = 0.000 s
	ray::rpc::WorkerInfoGcsService.grpc_client.AddWorkerInfo.OnReplyReceived - 1 total (0 active), Execution time: mean = 14.484 us, total = 14.484 us, Queueing time: mean = 7.276 us, max = 7.276 us, min = 7.276 us, total = 7.276 us
	ray::rpc::InternalPubSubGcsService.grpc_client.GcsSubscriberCommandBatch - 1 total (0 active), Execution time: mean = 181.344 us, total = 181.344 us, Queueing time: mean = 0.000 s, max = -0.000 s, min = 9223372036.855 s, total = 0.000 s
	ray::rpc::InternalPubSubGcsService.grpc_client.GcsSubscriberCommandBatch.OnReplyReceived - 1 total (0 active), Execution time: mean = 64.263 us, total = 64.263 us, Queueing time: mean = 6.089 us, max = 6.089 us, min = 6.089 us, total = 6.089 us
	ray::rpc::WorkerInfoGcsService.grpc_client.AddWorkerInfo - 1 total (0 active), Execution time: mean = 230.496 us, total = 230.496 us, Queueing time: mean = 0.000 s, max = -0.000 s, min = 9223372036.855 s, total = 0.000 s
	CoreWorker.ExitIfParentRayletDies - 1 total (1 active), Execution time: mean = 0.000 s, total = 0.000 s, Queueing time: mean = 0.000 s, max = -0.000 s, min = 9223372036.855 s, total = 0.000 s
	ray::rpc::NodeInfoGcsService.grpc_client.GetAllNodeInfo - 1 total (1 active), Execution time: mean = 0.000 s, total = 0.000 s, Queueing time: mean = 0.000 s, max = -0.000 s, min = 9223372036.855 s, total = 0.000 s
	ray::rpc::InternalPubSubGcsService.grpc_client.GcsSubscriberPoll - 1 total (1 active), Execution time: mean = 0.000 s, total = 0.000 s, Queueing time: mean = 0.000 s, max = -0.000 s, min = 9223372036.855 s, total = 0.000 s

-----------------
Task execution event stats:

Global stats: 0 total (0 active)
Queueing time: mean = -nan s, max = -0.000 s, min = 9223372036.855 s, total = 0.000 s
Execution time:  mean = -nan s, total = 0.000 s
Event stats:

-----------------
Task Event stats:

IO Service Stats:

Global stats: 4 total (1 active)
Queueing time: mean = 2.133 us, max = 4.495 us, min = 4.036 us, total = 8.531 us
Execution time:  mean = 78.526 us, total = 314.106 us
Event stats:
	PeriodicalRunner.RunFnPeriodically - 1 total (0 active), Execution time: mean = 91.593 us, total = 91.593 us, Queueing time: mean = 4.036 us, max = 4.036 us, min = 4.036 us, total = 4.036 us
	ray::rpc::TaskInfoGcsService.grpc_client.AddTaskEventData - 1 total (0 active), Execution time: mean = 214.093 us, total = 214.093 us, Queueing time: mean = 0.000 s, max = -0.000 s, min = 9223372036.855 s, total = 0.000 s
	CoreWorker.deadline_timer.flush_task_events - 1 total (1 active), Execution time: mean = 0.000 s, total = 0.000 s, Queueing time: mean = 0.000 s, max = -0.000 s, min = 9223372036.855 s, total = 0.000 s
	ray::rpc::TaskInfoGcsService.grpc_client.AddTaskEventData.OnReplyReceived - 1 total (0 active), Execution time: mean = 8.420 us, total = 8.420 us, Queueing time: mean = 4.495 us, max = 4.495 us, min = 4.495 us, total = 4.495 us
Other Stats:
	grpc_in_progress:0
	current number of task status events in buffer: 0
	current number of profile events in buffer: 0
	current number of dropped task attempts tracked: 0
	total task events sent: 0 MiB
	total number of task attempts sent: 0
	total number of task attempts dropped reported: 0
	total number of sent failure: 0
	num status task events dropped: 0
	num profile task events dropped: 0


[2026-01-13 04:09:01,254 I 3405 3405] event.cc:500: Ray Event initialized for CORE_WORKER
[2026-01-13 04:09:01,254 I 3405 3405] event.cc:500: Ray Event initialized for EXPORT_TASK
[2026-01-13 04:09:01,254 I 3405 3405] event.cc:331: Set ray event level to warning
[2026-01-13 04:09:01,254 I 3405 3564] accessor.cc:768: Received notification for node, IsAlive = 1 node_id=a1a81868503cfc2236cd7020faf94b967e790b1bbc73bd55427c7348
[2026-01-13 04:09:01,254 I 3405 3564] core_worker.cc:5107: Number of alive nodes:1
[2026-01-13 04:09:01,255 I 3405 3405] actor_task_submitter.cc:73: Set actor max pending calls to -1 actor_id=6b771ad987a6392381d0469601000000
[2026-01-13 04:09:01,255 I 3405 3405] core_worker.cc:3370: Creating actor actor_id=6b771ad987a6392381d0469601000000
[2026-01-13 04:09:02,253 I 3405 3685] actor_task_submitter.cc:73: Set actor max pending calls to 0 actor_id=3050862d1129f1777b44752001000000
[2026-01-13 04:09:02,254 I 3405 3564] actor_manager.cc:218: received notification on actor, state: ALIVE, ip address: 10.105.17.31, port: 43967, num_restarts: 0, death context type=CONTEXT_NOT_SET actor_id=3050862d1129f1777b44752001000000 worker_id=56d932d3d47f3714df1dea7b0de86e9f0cbf1cbd8194002ad8c7124a node_id=a1a81868503cfc2236cd7020faf94b967e790b1bbc73bd55427c7348
[2026-01-13 04:09:02,257 I 3405 3685] actor_task_submitter.cc:73: Set actor max pending calls to 0 actor_id=6b771ad987a6392381d0469601000000
[2026-01-13 04:09:02,258 I 3405 3685] actor_task_submitter.cc:73: Set actor max pending calls to 0 actor_id=763f7e79f2550089717602c801000000
[2026-01-13 04:09:02,259 I 3405 3564] actor_manager.cc:218: received notification on actor, state: ALIVE, ip address: 10.105.17.31, port: 35059, num_restarts: 0, death context type=CONTEXT_NOT_SET actor_id=763f7e79f2550089717602c801000000 worker_id=6e8b26cd91a3f3219fa63468f06ddb38bfcef5f00deb9df89468ee2c node_id=a1a81868503cfc2236cd7020faf94b967e790b1bbc73bd55427c7348
[2026-01-13 04:09:02,274 I 3405 3685] actor_task_submitter.cc:73: Set actor max pending calls to 0 actor_id=05268a6b4b6f00c2f2a67db701000000
[2026-01-13 04:09:02,277 I 3405 3685] actor_task_submitter.cc:73: Set actor max pending calls to 0 actor_id=a07efcebda3b79ebee44a77d01000000
[2026-01-13 04:09:02,278 I 3405 3405] task_receiver.cc:175: Actor creation task finished, task_id: ffffffffffffffff6b771ad987a6392381d0469601000000, actor_id: 6b771ad987a6392381d0469601000000, actor_repr_name: 
[2026-01-13 04:09:02,279 I 3405 3405] out_of_order_actor_scheduling_queue.cc:48: Setting actor as asyncio with max_concurrency=2147483647, and defined concurrency groups are:

[2026-01-13 04:09:07,688 I 3405 3564] actor_manager.cc:218: received notification on actor, state: DEAD, ip address: 10.105.17.31, port: 43967, num_restarts: 0, death context type=ActorDiedErrorContext actor_id=3050862d1129f1777b44752001000000 worker_id=56d932d3d47f3714df1dea7b0de86e9f0cbf1cbd8194002ad8c7124a node_id=a1a81868503cfc2236cd7020faf94b967e790b1bbc73bd55427c7348
[2026-01-13 04:09:07,688 I 3405 3564] actor_task_submitter.cc:417: Failing pending tasks for actor because the actor is already dead. actor_id=3050862d1129f1777b44752001000000
[2026-01-13 04:09:07,691 I 3405 3564] core_worker.cc:4542: Force kill actor request has received. exiting immediately... The actor is dead because it was killed by `ray.kill`.
[2026-01-13 04:09:07,691 W 3405 3564] core_worker.cc:1253: Force exit the process.  Details: Worker exits because the actor is killed. The actor is dead because it was killed by `ray.kill`.
[2026-01-13 04:09:07,693 I 3405 3564] core_worker.cc:1134: Try killing all child processes of this worker as it exits. Child process pids: 
[2026-01-13 04:09:07,694 I 3405 3564] core_worker.cc:1088: Sending disconnect message to the local raylet.
[2026-01-13 04:09:07,694 I 3405 3564] raylet_client.cc:73: RayletClient::Disconnect, exit_type=INTENDED_SYSTEM_EXIT, exit_detail=Worker exits because the actor is killed. The actor is dead because it was killed by `ray.kill`., has creation_task_exception_pb_bytes=0
[2026-01-13 04:09:07,694 I 3405 3564] core_worker.cc:1094: Disconnected from the local raylet.
