[2026-01-13 04:08:59,203 I 1445 1445] core_worker_process.cc:192: Constructing CoreWorkerProcess. pid: 1445
[2026-01-13 04:08:59,205 I 1445 1445] io_service_pool.cc:36: IOServicePool is running with 1 io_service.
[2026-01-13 04:08:59,207 I 1445 1445] grpc_server.cc:141: worker server started, listening on port 34521.
[2026-01-13 04:08:59,207 I 1445 1445] core_worker.cc:542: Initializing worker at address: 10.105.17.31:34521 worker_id=97165763a4af54ee31649717a955804d8c3bc2288d5166dfa15cde02 node_id=a1a81868503cfc2236cd7020faf94b967e790b1bbc73bd55427c7348
[2026-01-13 04:08:59,208 I 1445 1445] task_event_buffer.cc:287: Reporting task events to GCS every 1000ms.
[2026-01-13 04:08:59,209 I 1445 1445] core_worker.cc:967: Adjusted worker niceness to 15
[2026-01-13 04:08:59,209 I 1445 1445] event.cc:500: Ray Event initialized for CORE_WORKER
[2026-01-13 04:08:59,209 I 1445 1445] event.cc:500: Ray Event initialized for EXPORT_TASK
[2026-01-13 04:08:59,209 I 1445 1445] event.cc:331: Set ray event level to warning
[2026-01-13 04:08:59,209 I 1445 1946] core_worker.cc:902: Event stats:


Global stats: 15 total (9 active)
Queueing time: mean = 66.094 us, max = 634.773 us, min = 43.529 us, total = 991.404 us
Execution time:  mean = 126.501 us, total = 1.898 ms
Event stats:
	PeriodicalRunner.RunFnPeriodically - 7 total (5 active, 1 running), Execution time: mean = 2.774 us, total = 19.418 us, Queueing time: mean = 42.837 us, max = 256.333 us, min = 43.529 us, total = 299.862 us
	Publisher.CheckDeadSubscribers - 1 total (1 active), Execution time: mean = 0.000 s, total = 0.000 s, Queueing time: mean = 0.000 s, max = -0.000 s, min = 9223372036.855 s, total = 0.000 s
	ray::rpc::WorkerInfoGcsService.grpc_client.AddWorkerInfo - 1 total (0 active), Execution time: mean = 931.080 us, total = 931.080 us, Queueing time: mean = 0.000 s, max = -0.000 s, min = 9223372036.855 s, total = 0.000 s
	ray::rpc::InternalPubSubGcsService.grpc_client.GcsSubscriberCommandBatch.OnReplyReceived - 1 total (0 active), Execution time: mean = 123.080 us, total = 123.080 us, Queueing time: mean = 634.773 us, max = 634.773 us, min = 634.773 us, total = 634.773 us
	ray::rpc::InternalPubSubGcsService.grpc_client.GcsSubscriberCommandBatch - 1 total (0 active), Execution time: mean = 803.515 us, total = 803.515 us, Queueing time: mean = 0.000 s, max = -0.000 s, min = 9223372036.855 s, total = 0.000 s
	ray::rpc::NodeInfoGcsService.grpc_client.GetAllNodeInfo - 1 total (1 active), Execution time: mean = 0.000 s, total = 0.000 s, Queueing time: mean = 0.000 s, max = -0.000 s, min = 9223372036.855 s, total = 0.000 s
	ray::rpc::InternalPubSubGcsService.grpc_client.GcsSubscriberPoll - 1 total (1 active), Execution time: mean = 0.000 s, total = 0.000 s, Queueing time: mean = 0.000 s, max = -0.000 s, min = 9223372036.855 s, total = 0.000 s
	ray::rpc::WorkerInfoGcsService.grpc_client.AddWorkerInfo.OnReplyReceived - 1 total (0 active), Execution time: mean = 20.422 us, total = 20.422 us, Queueing time: mean = 56.769 us, max = 56.769 us, min = 56.769 us, total = 56.769 us
	CoreWorker.ExitIfParentRayletDies - 1 total (1 active), Execution time: mean = 0.000 s, total = 0.000 s, Queueing time: mean = 0.000 s, max = -0.000 s, min = 9223372036.855 s, total = 0.000 s

-----------------
Task execution event stats:

Global stats: 0 total (0 active)
Queueing time: mean = -nan s, max = -0.000 s, min = 9223372036.855 s, total = 0.000 s
Execution time:  mean = -nan s, total = 0.000 s
Event stats:

-----------------
Task Event stats:

IO Service Stats:

Global stats: 4 total (1 active)
Queueing time: mean = 38.105 us, max = 146.219 us, min = 6.201 us, total = 152.420 us
Execution time:  mean = 212.748 us, total = 850.990 us
Event stats:
	ray::rpc::TaskInfoGcsService.grpc_client.AddTaskEventData - 1 total (0 active), Execution time: mean = 731.644 us, total = 731.644 us, Queueing time: mean = 0.000 s, max = -0.000 s, min = 9223372036.855 s, total = 0.000 s
	CoreWorker.deadline_timer.flush_task_events - 1 total (1 active), Execution time: mean = 0.000 s, total = 0.000 s, Queueing time: mean = 0.000 s, max = -0.000 s, min = 9223372036.855 s, total = 0.000 s
	PeriodicalRunner.RunFnPeriodically - 1 total (0 active), Execution time: mean = 107.847 us, total = 107.847 us, Queueing time: mean = 146.219 us, max = 146.219 us, min = 146.219 us, total = 146.219 us
	ray::rpc::TaskInfoGcsService.grpc_client.AddTaskEventData.OnReplyReceived - 1 total (0 active), Execution time: mean = 11.499 us, total = 11.499 us, Queueing time: mean = 6.201 us, max = 6.201 us, min = 6.201 us, total = 6.201 us
Other Stats:
	grpc_in_progress:0
	current number of task status events in buffer: 0
	current number of profile events in buffer: 0
	current number of dropped task attempts tracked: 0
	total task events sent: 0 MiB
	total number of task attempts sent: 0
	total number of task attempts dropped reported: 0
	total number of sent failure: 0
	num status task events dropped: 0
	num profile task events dropped: 0


[2026-01-13 04:08:59,210 I 1445 1946] accessor.cc:768: Received notification for node, IsAlive = 1 node_id=a1a81868503cfc2236cd7020faf94b967e790b1bbc73bd55427c7348
[2026-01-13 04:08:59,210 I 1445 1946] core_worker.cc:5107: Number of alive nodes:1
[2026-01-13 04:09:09,176 I 1445 1946] accessor.cc:768: Received notification for node, IsAlive = 0 node_id=a1a81868503cfc2236cd7020faf94b967e790b1bbc73bd55427c7348
[2026-01-13 04:09:09,176 I 1445 1946] core_worker.cc:625: Node failure. All objects pinned on that node will be lost if object reconstruction is not enabled. node_id=a1a81868503cfc2236cd7020faf94b967e790b1bbc73bd55427c7348
[2026-01-13 04:09:09,213 W 1445 1940] metric_exporter.cc:105: [1] Export metrics to agent failed: RpcError: RPC Error message: failed to connect to all addresses; last error: UNKNOWN: ipv4:127.0.0.1:53350: Failed to connect to remote host: Connection refused; RPC Error details:  rpc_code: 14. This won't affect Ray, but you can lose metrics from the cluster.
[2026-01-13 04:09:09,289 I 1445 1946] raylet_client.cc:281: Error reporting task backlog information: RpcError: RPC Error message: Cancelling all calls; RPC Error details:  rpc_code: 14
