[2026-01-13 04:08:59,214 I 1449 1449] core_worker_process.cc:192: Constructing CoreWorkerProcess. pid: 1449
[2026-01-13 04:08:59,215 I 1449 1449] io_service_pool.cc:36: IOServicePool is running with 1 io_service.
[2026-01-13 04:08:59,217 I 1449 1449] grpc_server.cc:141: worker server started, listening on port 38905.
[2026-01-13 04:08:59,218 I 1449 1449] core_worker.cc:542: Initializing worker at address: 10.105.17.31:38905 worker_id=e3624341c29f31e4ec614ebaa1867cf76d7be54c6b179b2b0c11e7e4 node_id=a1a81868503cfc2236cd7020faf94b967e790b1bbc73bd55427c7348
[2026-01-13 04:08:59,218 I 1449 1449] task_event_buffer.cc:287: Reporting task events to GCS every 1000ms.
[2026-01-13 04:08:59,219 I 1449 1449] core_worker.cc:967: Adjusted worker niceness to 15
[2026-01-13 04:08:59,219 I 1449 1449] event.cc:500: Ray Event initialized for CORE_WORKER
[2026-01-13 04:08:59,219 I 1449 2132] core_worker.cc:902: Event stats:


Global stats: 15 total (9 active)
Queueing time: mean = 5.036 us, max = 43.368 us, min = 6.198 us, total = 75.542 us
Execution time:  mean = 46.223 us, total = 693.350 us
Event stats:
	PeriodicalRunner.RunFnPeriodically - 7 total (5 active, 1 running), Execution time: mean = 2.340 us, total = 16.381 us, Queueing time: mean = 8.913 us, max = 43.368 us, min = 19.022 us, total = 62.390 us
	CoreWorker.ExitIfParentRayletDies - 1 total (1 active), Execution time: mean = 0.000 s, total = 0.000 s, Queueing time: mean = 0.000 s, max = -0.000 s, min = 9223372036.855 s, total = 0.000 s
	ray::rpc::InternalPubSubGcsService.grpc_client.GcsSubscriberPoll - 1 total (1 active), Execution time: mean = 0.000 s, total = 0.000 s, Queueing time: mean = 0.000 s, max = -0.000 s, min = 9223372036.855 s, total = 0.000 s
	ray::rpc::NodeInfoGcsService.grpc_client.GetAllNodeInfo - 1 total (1 active), Execution time: mean = 0.000 s, total = 0.000 s, Queueing time: mean = 0.000 s, max = -0.000 s, min = 9223372036.855 s, total = 0.000 s
	ray::rpc::WorkerInfoGcsService.grpc_client.AddWorkerInfo - 1 total (0 active), Execution time: mean = 263.392 us, total = 263.392 us, Queueing time: mean = 0.000 s, max = -0.000 s, min = 9223372036.855 s, total = 0.000 s
	Publisher.CheckDeadSubscribers - 1 total (1 active), Execution time: mean = 0.000 s, total = 0.000 s, Queueing time: mean = 0.000 s, max = -0.000 s, min = 9223372036.855 s, total = 0.000 s
	ray::rpc::WorkerInfoGcsService.grpc_client.AddWorkerInfo.OnReplyReceived - 1 total (0 active), Execution time: mean = 14.145 us, total = 14.145 us, Queueing time: mean = 6.954 us, max = 6.954 us, min = 6.954 us, total = 6.954 us
	ray::rpc::InternalPubSubGcsService.grpc_client.GcsSubscriberCommandBatch - 1 total (0 active), Execution time: mean = 354.025 us, total = 354.025 us, Queueing time: mean = 0.000 s, max = -0.000 s, min = 9223372036.855 s, total = 0.000 s
	ray::rpc::InternalPubSubGcsService.grpc_client.GcsSubscriberCommandBatch.OnReplyReceived - 1 total (0 active), Execution time: mean = 45.407 us, total = 45.407 us, Queueing time: mean = 6.198 us, max = 6.198 us, min = 6.198 us, total = 6.198 us

-----------------
Task execution event stats:

Global stats: 0 total (0 active)
Queueing time: mean = -nan s, max = -0.000 s, min = 9223372036.855 s, total = 0.000 s
Execution time:  mean = -nan s, total = 0.000 s
Event stats:

-----------------
Task Event stats:

IO Service Stats:

Global stats: 4 total (1 active)
Queueing time: mean = 2.111 us, max = 4.758 us, min = 3.685 us, total = 8.443 us
Execution time:  mean = 122.889 us, total = 491.556 us
Event stats:
	CoreWorker.deadline_timer.flush_task_events - 1 total (1 active), Execution time: mean = 0.000 s, total = 0.000 s, Queueing time: mean = 0.000 s, max = -0.000 s, min = 9223372036.855 s, total = 0.000 s
	PeriodicalRunner.RunFnPeriodically - 1 total (0 active), Execution time: mean = 110.573 us, total = 110.573 us, Queueing time: mean = 3.685 us, max = 3.685 us, min = 3.685 us, total = 3.685 us
	ray::rpc::TaskInfoGcsService.grpc_client.AddTaskEventData - 1 total (0 active), Execution time: mean = 373.132 us, total = 373.132 us, Queueing time: mean = 0.000 s, max = -0.000 s, min = 9223372036.855 s, total = 0.000 s
	ray::rpc::TaskInfoGcsService.grpc_client.AddTaskEventData.OnReplyReceived - 1 total (0 active), Execution time: mean = 7.851 us, total = 7.851 us, Queueing time: mean = 4.758 us, max = 4.758 us, min = 4.758 us, total = 4.758 us
Other Stats:
	grpc_in_progress:0
	current number of task status events in buffer: 0
	current number of profile events in buffer: 0
	current number of dropped task attempts tracked: 0
	total task events sent: 0 MiB
	total number of task attempts sent: 0
	total number of task attempts dropped reported: 0
	total number of sent failure: 0
	num status task events dropped: 0
	num profile task events dropped: 0


[2026-01-13 04:08:59,219 I 1449 1449] event.cc:500: Ray Event initialized for EXPORT_TASK
[2026-01-13 04:08:59,219 I 1449 1449] event.cc:331: Set ray event level to warning
[2026-01-13 04:08:59,219 I 1449 2132] accessor.cc:768: Received notification for node, IsAlive = 1 node_id=a1a81868503cfc2236cd7020faf94b967e790b1bbc73bd55427c7348
[2026-01-13 04:08:59,219 I 1449 2132] core_worker.cc:5107: Number of alive nodes:1
[2026-01-13 04:09:09,175 I 1449 2132] accessor.cc:768: Received notification for node, IsAlive = 0 node_id=a1a81868503cfc2236cd7020faf94b967e790b1bbc73bd55427c7348
[2026-01-13 04:09:09,176 I 1449 2132] core_worker.cc:625: Node failure. All objects pinned on that node will be lost if object reconstruction is not enabled. node_id=a1a81868503cfc2236cd7020faf94b967e790b1bbc73bd55427c7348
[2026-01-13 04:09:09,223 W 1449 2125] metric_exporter.cc:105: [1] Export metrics to agent failed: RpcError: RPC Error message: failed to connect to all addresses; last error: UNKNOWN: ipv4:127.0.0.1:53350: Failed to connect to remote host: Connection refused; RPC Error details:  rpc_code: 14. This won't affect Ray, but you can lose metrics from the cluster.
[2026-01-13 04:09:09,289 I 1449 2132] raylet_client.cc:281: Error reporting task backlog information: RpcError: RPC Error message: Cancelling all calls; RPC Error details:  rpc_code: 14
